2025-04-10 15:36:38,524 [INFO] Activator:176 - 


2025-04-10 15:36:38,526 [INFO] Activator:177 - !SESSION log4j initialized
2025-04-10 15:36:41,352 [INFO] LogOutputStream:77 - [STDOUT_REDIRECT] 
2025-04-10 15:36:42,069 [INFO] ApplicationProperties:184 - Using Application install path: /opt/st/stm32cubeide_1.18.0/plugins/com.st.stm32cube.common.mx_6.14.0.202502271554
2025-04-10 15:36:42,078 [INFO] DbMcusXml:78 - Set database path to: /opt/st/stm32cubeide_1.18.0/plugins/com.st.stm32cube.common.mx_6.14.0.202502271554//db//mcu/
2025-04-10 15:36:42,078 [INFO] ApiDb:274 - Set plugin database path to: /opt/st/stm32cubeide_1.18.0/plugins/com.st.stm32cube.common.mx_6.14.0.202502271554//db//plugins/boardmanager/
2025-04-10 15:36:42,079 [WARN] ApiDb:259 - Overriding images path with different value:  => /opt/st/stm32cubeide_1.18.0/plugins/com.st.stm32cube.common.mx_6.14.0.202502271554//db//plugins/mcufinder/images/
2025-04-10 15:36:42,081 [INFO] ApiDb:250 - Set database path to: /home/tony/.stmcufinder/plugins/mcufinder//mcu/
2025-04-10 15:36:42,082 [INFO] DbMcusAds:125 - Set database path to: /home/tony/.stmcufinder/plugins/mcufinder//mcu/
2025-04-10 15:36:42,083 [INFO] CrossReferenceDbSqlite:203 - Set database path to: /home/tony/.stmcufinder/plugins/mcufinder//mcu/cs/
2025-04-10 15:36:42,147 [INFO] RulesReader:64 - Compatibility file has been processed (301 Rules)
2025-04-10 15:36:42,182 [INFO] DbMcusXml:78 - Set database path to: /opt/st/stm32cubeide_1.18.0/plugins/com.st.stm32cube.common.mx_6.14.0.202502271554//db//mcu/
2025-04-10 15:36:42,182 [INFO] ApiDb:274 - Set plugin database path to: /opt/st/stm32cubeide_1.18.0/plugins/com.st.stm32cube.common.mx_6.14.0.202502271554//db//plugins/boardmanager/
2025-04-10 15:36:42,182 [INFO] ApiDb:261 - Set plugin images path to: /opt/st/stm32cubeide_1.18.0/plugins/com.st.stm32cube.common.mx_6.14.0.202502271554//db//plugins/mcufinder/images/
2025-04-10 15:36:42,182 [WARN] DbFile:41 - Overriding database path with different value: /home/tony/.stmcufinder/plugins/mcufinder/ => /home/tony/.stmcufinder/plugins/mcufinder
2025-04-10 15:36:42,182 [INFO] ApiDb:250 - Set database path to: /home/tony/.stmcufinder/plugins/mcufinder//mcu/
2025-04-10 15:36:42,182 [WARN] DbFile:41 - Overriding database path with different value: /home/tony/.stmcufinder/plugins/mcufinder/ => /home/tony/.stmcufinder/plugins/mcufinder
2025-04-10 15:36:42,182 [INFO] DbMcusAds:125 - Set database path to: /home/tony/.stmcufinder/plugins/mcufinder//mcu/
2025-04-10 15:36:42,182 [WARN] DbFile:41 - Overriding database path with different value: /home/tony/.stmcufinder/plugins/mcufinder/ => /home/tony/.stmcufinder/plugins/mcufinder
2025-04-10 15:36:42,183 [WARN] DbFile:41 - Overriding database path with different value: /home/tony/.stmcufinder/plugins/mcufinder/ => /home/tony/.stmcufinder/plugins/mcufinder
2025-04-10 15:36:42,183 [INFO] CrossReferenceDbSqlite:203 - Set database path to: /home/tony/.stmcufinder/plugins/mcufinder//mcu/cs/
2025-04-10 15:36:42,223 [INFO] MainPanel:272 - HeapMemory: 268435456
2025-04-10 15:36:42,301 [INFO] DbMcusXml:78 - Set database path to: /opt/st/stm32cubeide_1.18.0/plugins/com.st.stm32cube.common.mx_6.14.0.202502271554//db//mcu/
2025-04-10 15:36:42,301 [INFO] ApiDb:274 - Set plugin database path to: /opt/st/stm32cubeide_1.18.0/plugins/com.st.stm32cube.common.mx_6.14.0.202502271554//db//plugins/boardmanager/
2025-04-10 15:36:42,301 [INFO] ApiDb:261 - Set plugin images path to: /opt/st/stm32cubeide_1.18.0/plugins/com.st.stm32cube.common.mx_6.14.0.202502271554//db//plugins/mcufinder/images/
2025-04-10 15:36:42,301 [WARN] DbFile:41 - Overriding database path with different value: /home/tony/.stmcufinder/plugins/mcufinder/ => /home/tony/.stmcufinder/plugins/mcufinder
2025-04-10 15:36:42,301 [INFO] ApiDb:250 - Set database path to: /home/tony/.stmcufinder/plugins/mcufinder//mcu/
2025-04-10 15:36:42,301 [WARN] DbFile:41 - Overriding database path with different value: /home/tony/.stmcufinder/plugins/mcufinder/ => /home/tony/.stmcufinder/plugins/mcufinder
2025-04-10 15:36:42,301 [INFO] DbMcusAds:125 - Set database path to: /home/tony/.stmcufinder/plugins/mcufinder//mcu/
2025-04-10 15:36:42,301 [WARN] DbFile:41 - Overriding database path with different value: /home/tony/.stmcufinder/plugins/mcufinder/ => /home/tony/.stmcufinder/plugins/mcufinder
2025-04-10 15:36:42,301 [WARN] DbFile:41 - Overriding database path with different value: /home/tony/.stmcufinder/plugins/mcufinder/ => /home/tony/.stmcufinder/plugins/mcufinder
2025-04-10 15:36:42,301 [INFO] CrossReferenceDbSqlite:203 - Set database path to: /home/tony/.stmcufinder/plugins/mcufinder//mcu/cs/
2025-04-10 15:36:42,309 [INFO] ApplicationProperties:184 - Using Application install path: /opt/st/stm32cubeide_1.18.0/plugins/com.st.stm32cube.common.mx_6.14.0.202502271554
2025-04-10 15:36:42,310 [INFO] PluginManage:196 - Search for loadable plugins [exclusion list=, ]
2025-04-10 15:36:42,310 [INFO] PluginManage:310 - Check plugin analytics
2025-04-10 15:36:42,401 [INFO] AnalyticsPlugin:253 - Accepted Software Licenses: 
2025-04-10 15:36:42,401 [INFO] AnalyticsPlugin:255 - Accepted CMSIS Pack Licenses: 
2025-04-10 15:36:42,401 [INFO] AnalyticsPlugin:257 - Accepted Firmware Licenses: 
2025-04-10 15:36:42,402 [INFO] PluginManage:359 - Loaded plugin analytics (category:tool,tabindex:-1)
2025-04-10 15:36:42,402 [INFO] PluginManage:310 - Check plugin cadmodel
2025-04-10 15:36:42,407 [INFO] CADModel:105 - Init CAD model plugin
2025-04-10 15:36:42,407 [INFO] PluginManage:359 - Loaded plugin cadmodel (category:power,tabindex:5)
2025-04-10 15:36:42,407 [INFO] PluginManage:310 - Check plugin clock
2025-04-10 15:36:42,413 [INFO] PluginManage:359 - Loaded plugin clock (category:base,tabindex:2)
2025-04-10 15:36:42,413 [INFO] PluginManage:310 - Check plugin ddr
2025-04-10 15:36:42,415 [INFO] PluginManage:359 - Loaded plugin ddr (category:tool,tabindex:6)
2025-04-10 15:36:42,415 [INFO] PluginManage:310 - Check plugin filemanager
2025-04-10 15:36:42,501 [INFO] PluginManage:359 - Loaded plugin filemanager (category:base,tabindex:10)
2025-04-10 15:36:42,501 [INFO] PluginManage:310 - Check plugin ipmanager
2025-04-10 15:36:42,505 [INFO] PluginManage:359 - Loaded plugin ipmanager (category:base,tabindex:5)
2025-04-10 15:36:42,505 [INFO] PluginManage:310 - Check plugin lpbam
2025-04-10 15:36:42,511 [INFO] PluginManage:359 - Loaded plugin lpbam (category:base,tabindex:0)
2025-04-10 15:36:42,511 [INFO] PluginManage:310 - Check plugin memorymap
2025-04-10 15:36:42,519 [INFO] PluginManage:359 - Loaded plugin memorymap (category:base,tabindex:4)
2025-04-10 15:36:42,520 [INFO] PluginManage:310 - Check plugin pinoutandconfiguration
2025-04-10 15:36:42,530 [INFO] PluginManage:359 - Loaded plugin pinoutandconfiguration (category:base,tabindex:1)
2025-04-10 15:36:42,530 [INFO] PluginManage:310 - Check plugin pinoutconfig
2025-04-10 15:36:42,579 [WARN] SupportedApi:132 - Cannot load RTOS API schema: s4s-elt-must-match.1: The content of 'definitions' must match (annotation?, (simpleType | complexType)?, (unique | key | keyref)*)). A problem was found starting at: attribute.
2025-04-10 15:36:42,664 [INFO] PluginManage:359 - Loaded plugin pinoutconfig (category:base,tabindex:0)
2025-04-10 15:36:42,665 [INFO] PluginManage:310 - Check plugin power
2025-04-10 15:36:42,672 [INFO] PluginManage:359 - Loaded plugin power (category:power,tabindex:4)
2025-04-10 15:36:42,672 [INFO] PluginManage:310 - Check plugin projectmanager
2025-04-10 15:36:42,680 [INFO] PluginManage:359 - Loaded plugin projectmanager (category:projectmanager,tabindex:4)
2025-04-10 15:36:42,680 [INFO] PluginManage:310 - Check plugin rif
2025-04-10 15:36:42,685 [INFO] PluginManage:359 - Loaded plugin rif (category:base,tabindex:3)
2025-04-10 15:36:42,685 [INFO] PluginManage:310 - Check plugin thirdparty
2025-04-10 15:36:42,745 [INFO] PluginManage:359 - Loaded plugin thirdparty (category:base,tabindex:-1)
2025-04-10 15:36:42,745 [WARN] IntegrityCheckThread:84 - waiting for thirdparty lock release [integrity check]
2025-04-10 15:36:42,745 [INFO] IntegrityCheckThread:86 - entering critical section [integrity check]
2025-04-10 15:36:42,745 [INFO] PluginManage:310 - Check plugin tools
2025-04-10 15:36:42,745 [INFO] ThirdPartyUpdaterWithRetryManager:70 - Updater plugin not ready yet. [1/15]
2025-04-10 15:36:42,746 [INFO] PluginManage:359 - Loaded plugin tools (category:base,tabindex:7)
2025-04-10 15:36:42,746 [INFO] PluginManage:310 - Check plugin tutovideos
2025-04-10 15:36:42,859 [INFO] PluginManage:359 - Loaded plugin tutovideos (category:base,tabindex:-1)
2025-04-10 15:36:42,859 [INFO] PluginManage:310 - Check plugin updater
2025-04-10 15:36:42,875 [INFO] PluginManage:359 - Loaded plugin updater (category:base,tabindex:12)
2025-04-10 15:36:42,875 [INFO] PluginManage:310 - Check plugin userauth
2025-04-10 15:36:42,877 [INFO] UserAuth:118 - Init User Auth plugin
2025-04-10 15:36:42,878 [INFO] PluginManage:359 - Loaded plugin userauth (category:base,tabindex:14)
2025-04-10 15:36:42,878 [INFO] PluginManage:283 - PluginManage : Loaded plugins [18]
2025-04-10 15:36:42,973 [INFO] PinOutPanel:1589 - setPackage(No Configuration,No Configuration)
2025-04-10 15:36:43,019 [INFO] CADModel:165 - CPN selected for project level
2025-04-10 15:36:43,019 [INFO] CADModel:114 - Register for checkConnection events
2025-04-10 15:36:43,030 [INFO] IPUIPlugin:80 - create IPUIPlugin
2025-04-10 15:36:43,030 [INFO] PluginManager:220 - loadIPPluginJar : add adc
2025-04-10 15:36:43,032 [INFO] IPUIPlugin:80 - create IPUIPlugin
2025-04-10 15:36:43,032 [INFO] PluginManager:220 - loadIPPluginJar : add aes
2025-04-10 15:36:43,033 [INFO] IPUIPlugin:80 - create IPUIPlugin
2025-04-10 15:36:43,033 [INFO] PluginManager:220 - loadIPPluginJar : add can
2025-04-10 15:36:43,034 [INFO] IPUIPlugin:80 - create IPUIPlugin
2025-04-10 15:36:43,034 [INFO] PluginManager:220 - loadIPPluginJar : add comp
2025-04-10 15:36:43,035 [INFO] IPUIPlugin:80 - create IPUIPlugin
2025-04-10 15:36:43,035 [INFO] PluginManager:220 - loadIPPluginJar : add cryp
2025-04-10 15:36:43,037 [INFO] IPUIPlugin:80 - create IPUIPlugin
2025-04-10 15:36:43,037 [INFO] PluginManager:220 - loadIPPluginJar : add ddr_ctrl_phy
2025-04-10 15:36:43,039 [INFO] IPUIPlugin:80 - create IPUIPlugin
2025-04-10 15:36:43,039 [INFO] PluginManager:220 - loadIPPluginJar : add dfsdm
2025-04-10 15:36:43,042 [INFO] IPUIPlugin:80 - create IPUIPlugin
2025-04-10 15:36:43,042 [INFO] PluginManager:220 - loadIPPluginJar : add dma
2025-04-10 15:36:43,043 [INFO] IPUIPlugin:80 - create IPUIPlugin
2025-04-10 15:36:43,043 [INFO] PluginManager:220 - loadIPPluginJar : add dma3
2025-04-10 15:36:43,045 [INFO] IPUIPlugin:80 - create IPUIPlugin
2025-04-10 15:36:43,045 [INFO] PluginManager:220 - loadIPPluginJar : add extmemmanager
2025-04-10 15:36:43,046 [INFO] IPUIPlugin:80 - create IPUIPlugin
2025-04-10 15:36:43,046 [INFO] PluginManager:220 - loadIPPluginJar : add fatfs
2025-04-10 15:36:43,048 [INFO] IPUIPlugin:80 - create IPUIPlugin
2025-04-10 15:36:43,048 [INFO] PluginManager:220 - loadIPPluginJar : add fmc
2025-04-10 15:36:43,051 [INFO] IPUIPlugin:80 - create IPUIPlugin
2025-04-10 15:36:43,052 [INFO] PluginManager:220 - loadIPPluginJar : add freertos
2025-04-10 15:36:43,052 [INFO] IPUIPlugin:80 - create IPUIPlugin
2025-04-10 15:36:43,052 [INFO] PluginManager:220 - loadIPPluginJar : add genericplugin
2025-04-10 15:36:43,054 [INFO] IPUIPlugin:80 - create IPUIPlugin
2025-04-10 15:36:43,054 [INFO] PluginManager:220 - loadIPPluginJar : add gfxmmu
2025-04-10 15:36:43,057 [INFO] IPUIPlugin:80 - create IPUIPlugin
2025-04-10 15:36:43,057 [INFO] PluginManager:220 - loadIPPluginJar : add gic
2025-04-10 15:36:43,060 [INFO] IPUIPlugin:80 - create IPUIPlugin
2025-04-10 15:36:43,060 [INFO] PluginManager:220 - loadIPPluginJar : add gpio
2025-04-10 15:36:43,062 [INFO] IPUIPlugin:80 - create IPUIPlugin
2025-04-10 15:36:43,062 [INFO] PluginManager:220 - loadIPPluginJar : add gtzc
2025-04-10 15:36:43,063 [INFO] IPUIPlugin:80 - create IPUIPlugin
2025-04-10 15:36:43,063 [INFO] PluginManager:220 - loadIPPluginJar : add hash
2025-04-10 15:36:43,064 [INFO] IPUIPlugin:80 - create IPUIPlugin
2025-04-10 15:36:43,064 [INFO] PluginManager:220 - loadIPPluginJar : add i2c
2025-04-10 15:36:43,065 [INFO] IPUIPlugin:80 - create IPUIPlugin
2025-04-10 15:36:43,066 [INFO] PluginManager:220 - loadIPPluginJar : add i2s
2025-04-10 15:36:43,067 [INFO] IPUIPlugin:80 - create IPUIPlugin
2025-04-10 15:36:43,067 [INFO] PluginManager:220 - loadIPPluginJar : add i3c
2025-04-10 15:36:43,069 [INFO] IPUIPlugin:80 - create IPUIPlugin
2025-04-10 15:36:43,069 [INFO] PluginManager:220 - loadIPPluginJar : add ipddr
2025-04-10 15:36:43,073 [INFO] IPUIPlugin:80 - create IPUIPlugin
2025-04-10 15:36:43,073 [INFO] PluginManager:220 - loadIPPluginJar : add linkedlist
2025-04-10 15:36:43,075 [INFO] IPUIPlugin:80 - create IPUIPlugin
2025-04-10 15:36:43,075 [INFO] PluginManager:220 - loadIPPluginJar : add lorawan
2025-04-10 15:36:43,076 [INFO] IPUIPlugin:80 - create IPUIPlugin
2025-04-10 15:36:43,076 [INFO] PluginManager:220 - loadIPPluginJar : add ltdc
2025-04-10 15:36:43,079 [INFO] IPUIPlugin:80 - create IPUIPlugin
2025-04-10 15:36:43,079 [INFO] PluginManager:220 - loadIPPluginJar : add mdma
2025-04-10 15:36:43,082 [INFO] IPUIPlugin:80 - create IPUIPlugin
2025-04-10 15:36:43,082 [INFO] PluginManager:220 - loadIPPluginJar : add nvic
2025-04-10 15:36:43,083 [INFO] IPUIPlugin:80 - create IPUIPlugin
2025-04-10 15:36:43,084 [INFO] PluginManager:220 - loadIPPluginJar : add opamp
2025-04-10 15:36:43,085 [INFO] IPUIPlugin:80 - create IPUIPlugin
2025-04-10 15:36:43,085 [INFO] PluginManager:220 - loadIPPluginJar : add openamp
2025-04-10 15:36:43,087 [INFO] IPUIPlugin:80 - create IPUIPlugin
2025-04-10 15:36:43,087 [INFO] PluginManager:220 - loadIPPluginJar : add pdm2pcm
2025-04-10 15:36:43,091 [INFO] IPUIPlugin:80 - create IPUIPlugin
2025-04-10 15:36:43,092 [INFO] PluginManager:220 - loadIPPluginJar : add plateformsettings
2025-04-10 15:36:43,093 [INFO] IPUIPlugin:80 - create IPUIPlugin
2025-04-10 15:36:43,093 [INFO] PluginManager:220 - loadIPPluginJar : add quadspi
2025-04-10 15:36:43,094 [INFO] IPUIPlugin:80 - create IPUIPlugin
2025-04-10 15:36:43,094 [INFO] PluginManager:220 - loadIPPluginJar : add radio
2025-04-10 15:36:43,096 [INFO] IPUIPlugin:80 - create IPUIPlugin
2025-04-10 15:36:43,097 [INFO] PluginManager:220 - loadIPPluginJar : add resmgrutility
2025-04-10 15:36:43,099 [INFO] IPUIPlugin:80 - create IPUIPlugin
2025-04-10 15:36:43,099 [INFO] PluginManager:220 - loadIPPluginJar : add sai
2025-04-10 15:36:43,100 [INFO] IPUIPlugin:80 - create IPUIPlugin
2025-04-10 15:36:43,100 [INFO] PluginManager:220 - loadIPPluginJar : add spi
2025-04-10 15:36:43,103 [INFO] IPUIPlugin:80 - create IPUIPlugin
2025-04-10 15:36:43,103 [INFO] PluginManager:220 - loadIPPluginJar : add stm32_wpan
2025-04-10 15:36:43,104 [INFO] IPUIPlugin:80 - create IPUIPlugin
2025-04-10 15:36:43,104 [INFO] PluginManager:220 - loadIPPluginJar : add tim
2025-04-10 15:36:43,106 [INFO] IPUIPlugin:80 - create IPUIPlugin
2025-04-10 15:36:43,106 [INFO] PluginManager:220 - loadIPPluginJar : add touchsensing
2025-04-10 15:36:43,107 [INFO] IPUIPlugin:80 - create IPUIPlugin
2025-04-10 15:36:43,107 [INFO] PluginManager:220 - loadIPPluginJar : add tracer_emb
2025-04-10 15:36:43,108 [INFO] IPUIPlugin:80 - create IPUIPlugin
2025-04-10 15:36:43,108 [INFO] PluginManager:220 - loadIPPluginJar : add ts
2025-04-10 15:36:43,109 [INFO] IPUIPlugin:80 - create IPUIPlugin
2025-04-10 15:36:43,109 [INFO] PluginManager:220 - loadIPPluginJar : add tsc
2025-04-10 15:36:43,110 [INFO] IPUIPlugin:80 - create IPUIPlugin
2025-04-10 15:36:43,110 [INFO] PluginManager:220 - loadIPPluginJar : add ucpd
2025-04-10 15:36:43,111 [INFO] IPUIPlugin:80 - create IPUIPlugin
2025-04-10 15:36:43,111 [INFO] PluginManager:220 - loadIPPluginJar : add usart
2025-04-10 15:36:43,113 [INFO] IPUIPlugin:80 - create IPUIPlugin
2025-04-10 15:36:43,113 [INFO] PluginManager:220 - loadIPPluginJar : add usbx
2025-04-10 15:36:43,198 [FATAL] Updater:351 - Updater called before beeing initialized
2025-04-10 15:36:43,228 [INFO] RulesReader:64 - Compatibility file has been processed (301 Rules)
2025-04-10 15:36:43,235 [INFO] RulesReader:64 - Compatibility file has been processed (301 Rules)
2025-04-10 15:36:43,239 [INFO] CADModel:165 - CPN selected for project level
2025-04-10 15:36:43,239 [INFO] CADModel:114 - Register for checkConnection events
2025-04-10 15:36:43,239 [FATAL] Updater:351 - Updater called before beeing initialized
2025-04-10 15:36:43,239 [ERROR] CADModel:125 - Updater not yet initialized, retry later 
2025-04-10 15:36:43,302 [FATAL] Updater:351 - Updater called before beeing initialized
2025-04-10 15:36:43,303 [INFO] CADModel:165 - CPN selected for project level
2025-04-10 15:36:43,303 [INFO] CADModel:114 - Register for checkConnection events
2025-04-10 15:36:43,303 [FATAL] Updater:351 - Updater called before beeing initialized
2025-04-10 15:36:43,303 [ERROR] CADModel:125 - Updater not yet initialized, retry later 
2025-04-10 15:36:43,305 [FATAL] Updater:351 - Updater called before beeing initialized
2025-04-10 15:36:43,397 [FATAL] Updater:351 - Updater called before beeing initialized
2025-04-10 15:36:43,400 [INFO] DbMcusAds:53 - JSON generation date=Thu Mar 06 06:54:22 PST 2025 (1741272862078)
2025-04-10 15:36:43,400 [FATAL] Updater:351 - Updater called before beeing initialized
2025-04-10 15:36:43,428 [WARN] DetailPanel:346 - Failed to get advertising image, set to default
2025-04-10 15:36:43,603 [FATAL] Updater:351 - Updater called before beeing initialized
2025-04-10 15:36:43,604 [FATAL] Updater:351 - Updater called before beeing initialized
2025-04-10 15:36:43,604 [FATAL] Updater:351 - Updater called before beeing initialized
2025-04-10 15:36:43,605 [WARN] DetailPanel:346 - Failed to get advertising image, set to default
2025-04-10 15:36:43,605 [FATAL] Updater:351 - Updater called before beeing initialized
2025-04-10 15:36:43,627 [ERROR] Updater:1198 - MainUpdater not yet initialized. External WinMGr cannot be set.
2025-04-10 15:36:43,628 [INFO] Updater:1134 - Updater Version found : 6.14.0
2025-04-10 15:36:43,643 [INFO] ApplicationProperties:184 - Using Application install path: /opt/st/stm32cubeide_1.18.0/plugins/com.st.stm32cube.common.mx_6.14.0.202502271554
2025-04-10 15:36:43,848 [INFO] MainUpdater:2872 - connection check result : 10
2025-04-10 15:36:43,849 [INFO] MainUpdater:289 - Updater Check For Update Now.
2025-04-10 15:36:43,849 [INFO] MicroXplorer:498 - Change Database Version : DB.6.0.140
2025-04-10 15:36:43,856 [INFO] McuFinderGlobals:63 - Set McuFinder mode to 2 (CubeIDE integrated)
2025-04-10 15:36:43,856 [INFO] UserAuth:171 - activating auth plugin
2025-04-10 15:36:43,859 [INFO] UserAuth:486 - Internet connection configuration mode: 1
2025-04-10 15:36:43,880 [INFO] JxBrowserEngine:152 - Initiate JxBrowser Engine with user profile folder
2025-04-10 15:36:44,024 [INFO] CheckServerUpdateThread:120 - End of CheckServer Thread
2025-04-10 15:36:45,056 [INFO] WebApp:169 - Instantiating new browser for Auth
2025-04-10 15:36:45,480 [INFO] WebApp:463 - Apply proxy settings
2025-04-10 15:36:45,480 [INFO] WebApp:548 - Chromium requires no authentication
2025-04-10 15:36:45,484 [INFO] WebApp:491 - Direct internet connection detected
2025-04-10 15:36:45,502 [INFO] WebApp:894 - Register for checkConnection events
2025-04-10 15:36:45,502 [INFO] WebApp:463 - Apply proxy settings
2025-04-10 15:36:45,502 [INFO] WebApp:548 - Chromium requires no authentication
2025-04-10 15:36:45,502 [INFO] WebApp:491 - Direct internet connection detected
2025-04-10 15:36:45,573 [INFO] WebApp:225 - Starting web application
2025-04-10 15:36:45,574 [INFO] WebApp:593 - Web application path used /opt/st/stm32cubeide_1.18.0/plugins/com.st.stm32cube.common.mx_6.14.0.202502271554/db/plugins/mcufinder/reactClient1/index.html
2025-04-10 15:36:45,869 [WARN] PackLoader:240 - Cannot read IP mode file for STMicroelectronics.FP-SNS-MOTENVWB1.1.4.0
2025-04-10 15:36:45,881 [WARN] PackLoader:240 - Cannot read IP mode file for STMicroelectronics.FP-ATR-ASTRA1.2.0.2
2025-04-10 15:36:45,891 [WARN] PackLoader:240 - Cannot read IP mode file for STMicroelectronics.X-CUBE-SMBUS.2.1.0
2025-04-10 15:36:45,896 [WARN] PackLoader:240 - Cannot read IP mode file for STMicroelectronics.X-CUBE-WB05N.1.1.0
2025-04-10 15:36:45,922 [WARN] PackLoader:240 - Cannot read IP mode file for STMicroelectronics.X-CUBE-AZRTOS-F7.1.1.0
2025-04-10 15:36:45,940 [WARN] PackLoader:240 - Cannot read IP mode file for Infineon.AIROC-Wi-Fi-Bluetooth-STM32.1.7.0
2025-04-10 15:36:45,948 [WARN] PackLoader:240 - Cannot read IP mode file for STMicroelectronics.X-CUBE-DISPLAY.3.0.0
2025-04-10 15:36:45,955 [WARN] PackLoader:240 - Cannot read IP mode file for STMicroelectronics.X-CUBE-NFC10.1.0.0
2025-04-10 15:36:45,962 [WARN] PackLoader:240 - Cannot read IP mode file for STMicroelectronics.X-CUBE-BLEMGR.4.0.0
2025-04-10 15:36:45,968 [WARN] PackLoader:240 - Cannot read IP mode file for emotas.I-CUBE-CANOPEN.1.3.0
2025-04-10 15:36:45,971 [WARN] ConditionMgr:438 - getConditionDescription Invalid condition id : Cortex-A Device cause : null
2025-04-10 15:36:45,978 [WARN] ConditionMgr:1044 - genDependencies : Invalid condition id : Cortex-A Device cause : null
2025-04-10 15:36:45,978 [WARN] ConditionMgr:1044 - genDependencies : Invalid condition id : Cortex-A Device cause : null
2025-04-10 15:36:45,978 [WARN] ConditionMgr:1044 - genDependencies : Invalid condition id : Cortex-A Device cause : null
2025-04-10 15:36:45,981 [WARN] PackLoader:240 - Cannot read IP mode file for STMicroelectronics.X-CUBE-AI.10.0.0
2025-04-10 15:36:45,984 [WARN] PackLoader:240 - Cannot read IP mode file for STMicroelectronics.FP-SNS-SMARTAG2.1.2.0
2025-04-10 15:36:45,995 [WARN] PackLoader:240 - Cannot read IP mode file for STMicroelectronics.FP-SNS-FLIGHT1.5.1.0
2025-04-10 15:36:46,046 [WARN] PackLoader:240 - Cannot read IP mode file for STMicroelectronics.X-CUBE-MEMS1.11.1.0
2025-04-10 15:36:46,059 [INFO] WebApp:191 - Connection restablished
2025-04-10 15:36:46,212 [INFO] LogOutputStream:77 - [STDOUT_REDIRECT] 1 : Invalid condition id : UX_CORESTACK_Condition cause : null
2025-04-10 15:36:46,212 [INFO] LogOutputStream:77 - [STDOUT_REDIRECT] 1 : Invalid condition id : UX_CORESTACK_Condition cause : null
2025-04-10 15:36:46,212 [INFO] LogOutputStream:77 - [STDOUT_REDIRECT] 1 : Invalid condition id : UX_CORESTACK_Condition cause : null
2025-04-10 15:36:46,212 [INFO] LogOutputStream:77 - [STDOUT_REDIRECT] 1 : Invalid condition id : UX_CORESTACK_Condition cause : null
2025-04-10 15:36:46,213 [INFO] LogOutputStream:77 - [STDOUT_REDIRECT] 1 : Invalid condition id : UX_CORESTACK_Condition cause : null
2025-04-10 15:36:46,214 [WARN] PackLoader:240 - Cannot read IP mode file for STMicroelectronics.X-CUBE-AZRTOS-WL.2.0.0
2025-04-10 15:36:46,218 [WARN] PackLoader:240 - Cannot read IP mode file for STMicroelectronics.FP-SNS-MOTENV1.5.0.0
2025-04-10 15:36:46,230 [WARN] PackLoader:240 - Cannot read IP mode file for WES.I-CUBE-Cesium.1.3.0
2025-04-10 15:36:46,239 [WARN] PackLoader:240 - Cannot read IP mode file for STMicroelectronics.X-CUBE-BLE2.3.3.0
2025-04-10 15:36:46,251 [WARN] PackLoader:240 - Cannot read IP mode file for STMicroelectronics.X-CUBE-NFC9.1.0.0
2025-04-10 15:36:46,254 [WARN] PackLoader:240 - Cannot read IP mode file for STMicroelectronics.X-CUBE-BLE1.7.1.0
2025-04-10 15:36:46,258 [WARN] PackLoader:240 - Cannot read IP mode file for wolfSSL.I-CUBE-wolfMQTT.1.19.2
2025-04-10 15:36:46,273 [WARN] PackLoader:240 - Cannot read IP mode file for STMicroelectronics.X-CUBE-AZRTOS-G0.1.1.0
2025-04-10 15:36:46,277 [WARN] PackLoader:240 - Cannot read IP mode file for STMicroelectronics.X-CUBE-SAFEA1.1.2.2
2025-04-10 15:36:46,280 [WARN] PackLoader:240 - Cannot read IP mode file for STMicroelectronics.X-CUBE-NFC4.3.0.0
2025-04-10 15:36:46,284 [WARN] PackLoader:240 - Cannot read IP mode file for EmbeddedOffice.I-CUBE-FS-RTOS.1.0.1
2025-04-10 15:36:46,286 [WARN] PackLoader:240 - Cannot read IP mode file for wolfSSL.I-CUBE-wolfTPM.3.8.0
2025-04-10 15:36:46,288 [WARN] PackLoader:240 - Cannot read IP mode file for STMicroelectronics.X-CUBE-TCPP.4.2.0
2025-04-10 15:36:46,291 [WARN] PackLoader:240 - Cannot read IP mode file for RealThread.X-CUBE-RT-Thread_Nano.4.1.1
2025-04-10 15:36:46,293 [WARN] PackLoader:240 - Cannot read IP mode file for STMicroelectronics.FP-ATR-SIGFOX1.3.2.0
2025-04-10 15:36:46,297 [WARN] PackLoader:240 - Cannot read IP mode file for STMicroelectronics.X-CUBE-EEPRMA1.5.1.0
2025-04-10 15:36:46,300 [WARN] PackLoader:240 - Cannot read IP mode file for wolfSSL.I-CUBE-wolfSSL.5.7.6
2025-04-10 15:36:46,303 [WARN] PackLoader:240 - Cannot read IP mode file for ITTIA_DB.I-CUBE-ITTIADB.8.9.0
2025-04-10 15:36:46,328 [WARN] PackLoader:240 - Cannot read IP mode file for SEGGER.I-CUBE-embOS.1.3.1
2025-04-10 15:36:46,360 [WARN] PackLoader:240 - Cannot read IP mode file for STMicroelectronics.X-CUBE-ALGOBUILD.1.4.0
2025-04-10 15:36:46,372 [WARN] PackLoader:240 - Cannot read IP mode file for STMicroelectronics.X-CUBE-AZRTOS-F4.1.1.0
2025-04-10 15:36:46,377 [WARN] PackLoader:240 - Cannot read IP mode file for STMicroelectronics.X-CUBE-ISPU.2.1.0
2025-04-10 15:36:46,389 [WARN] PackLoader:240 - Cannot read IP mode file for STMicroelectronics.X-CUBE-AZRTOS-L5.2.0.0
2025-04-10 15:36:46,397 [WARN] PackLoader:240 - Cannot read IP mode file for STMicroelectronics.X-CUBE-NFC6.3.1.0
2025-04-10 15:36:46,402 [WARN] PackLoader:240 - Cannot read IP mode file for STMicroelectronics.X-CUBE-FREERTOS.1.3.0
2025-04-10 15:36:46,405 [WARN] PackLoader:240 - Cannot read IP mode file for STMicroelectronics.X-CUBE-NFC7.1.0.1
2025-04-10 15:36:46,409 [WARN] PackLoader:240 - Cannot read IP mode file for STMicroelectronics.X-CUBE-DPower.1.3.0
2025-04-10 15:36:46,423 [WARN] ConditionMgr:438 - getConditionDescription Invalid condition id : LAN8742 Phy interface Condition cause : null
2025-04-10 15:36:46,423 [WARN] PackLoader:240 - Cannot read IP mode file for STMicroelectronics.X-CUBE-AZRTOS-L4.2.0.0
2025-04-10 15:36:46,425 [WARN] ConditionMgr:1044 - genDependencies : Invalid condition id : LAN8742 Phy interface Condition cause : null
2025-04-10 15:36:46,425 [WARN] ConditionMgr:1044 - genDependencies : Invalid condition id : LAN8742 Phy interface Condition cause : null
2025-04-10 15:36:46,425 [WARN] ConditionMgr:1044 - genDependencies : Invalid condition id : LAN8742 Phy interface Condition cause : null
2025-04-10 15:36:46,430 [WARN] PackLoader:240 - Cannot read IP mode file for STMicroelectronics.X-CUBE-SFXS2LP1.4.0.0
2025-04-10 15:36:46,447 [WARN] PackLoader:240 - Cannot read IP mode file for STMicroelectronics.X-CUBE-AZRTOS-H7.3.3.0
2025-04-10 15:36:46,459 [WARN] ConditionMgr:438 - getConditionDescription Invalid condition id : UX DEVICE CLASS RTOS Condition cause : null
2025-04-10 15:36:46,459 [WARN] ConditionMgr:438 - getConditionDescription Invalid condition id : UX DEVICE CLASS RTOS Condition cause : null
2025-04-10 15:36:46,461 [WARN] PackLoader:240 - Cannot read IP mode file for STMicroelectronics.X-CUBE-AZRTOS-WB.2.0.0
2025-04-10 15:36:46,461 [WARN] ConditionMgr:1044 - genDependencies : Invalid condition id : UX DEVICE CLASS RTOS Condition cause : null
2025-04-10 15:36:46,461 [WARN] ConditionMgr:1044 - genDependencies : Invalid condition id : UX DEVICE CLASS RTOS Condition cause : null
2025-04-10 15:36:46,462 [WARN] ConditionMgr:1044 - genDependencies : Invalid condition id : UX DEVICE CLASS RTOS Condition cause : null
2025-04-10 15:36:46,462 [WARN] ConditionMgr:1044 - genDependencies : Invalid condition id : UX DEVICE CLASS RTOS Condition cause : null
2025-04-10 15:36:46,462 [WARN] ConditionMgr:1044 - genDependencies : Invalid condition id : UX DEVICE CLASS RTOS Condition cause : null
2025-04-10 15:36:46,466 [WARN] PackLoader:240 - Cannot read IP mode file for STMicroelectronics.X-CUBE-GNSS1.7.0.1
2025-04-10 15:36:46,470 [WARN] PackLoader:240 - Cannot read IP mode file for STMicroelectronics.X-CUBE-TOUCHGFX.4.25.0
2025-04-10 15:36:46,474 [WARN] PackLoader:240 - Cannot read IP mode file for STMicroelectronics.FP-SNS-STBOX1.2.0.0
2025-04-10 15:36:46,483 [WARN] PackLoader:240 - Cannot read IP mode file for STMicroelectronics.X-CUBE-SUBG2.5.0.0
2025-04-10 15:36:46,500 [WARN] PackLoader:240 - Cannot read IP mode file for STMicroelectronics.X-CUBE-AZRTOS-H7RS.1.1.0
2025-04-10 15:36:46,502 [WARN] PackLoader:240 - Cannot read IP mode file for Cesanta.I-CUBE-Mongoose.7.13.0
2025-04-10 15:36:46,508 [WARN] PackLoader:240 - Cannot read IP mode file for STMicroelectronics.X-CUBE-AZRTOS-G4.2.0.0
2025-04-10 15:36:46,511 [WARN] PackLoader:240 - Cannot read IP mode file for wolfSSL.I-CUBE-wolfSSH.1.4.20
2025-04-10 15:36:46,517 [WARN] PackLoader:240 - Cannot read IP mode file for STMicroelectronics.X-CUBE-IPS.3.1.0
2025-04-10 15:36:46,521 [WARN] PackLoader:240 - Cannot read IP mode file for STMicroelectronics.X-CUBE-ALS.1.0.2
2025-04-10 15:36:46,524 [WARN] PackLoader:240 - Cannot read IP mode file for portGmbH.I-Cube-SoM-uGOAL.1.1.0
2025-04-10 15:36:46,529 [WARN] PackLoader:240 - Cannot read IP mode file for STMicroelectronics.X-CUBE-TOF1.3.4.2
2025-04-10 15:36:46,534 [INFO] ThirdParty:978 - Integrity check success = true
2025-04-10 15:36:46,534 [INFO] IntegrityCheckThread:100 - exiting critical section [integrity check]
2025-04-10 15:36:46,534 [INFO] IntegrityCheckThread:103 - End integrity checks thread
2025-04-10 15:37:11,660 [ERROR] LogOutputStream:75 - [STDERR_REDIRECT] Apr 10, 2025 3:37:11 PM java.util.prefs.FileSystemPreferences checkLockFile0ErrorCode
2025-04-10 15:37:11,660 [ERROR] LogOutputStream:75 - [STDERR_REDIRECT] WARNING: Could not lock System prefs. Unix error code 2.
2025-04-10 15:37:11,660 [ERROR] LogOutputStream:75 - [STDERR_REDIRECT] 
2025-04-10 15:37:11,660 [ERROR] LogOutputStream:75 - [STDERR_REDIRECT] Apr 10, 2025 3:37:11 PM java.util.prefs.FileSystemPreferences syncWorld
2025-04-10 15:37:11,660 [ERROR] LogOutputStream:75 - [STDERR_REDIRECT] WARNING: Couldn't flush system prefs: java.util.prefs.BackingStoreException: Couldn't get file lock.
2025-04-10 15:37:11,660 [ERROR] LogOutputStream:75 - [STDERR_REDIRECT] 
2025-04-10 15:37:41,655 [ERROR] LogOutputStream:75 - [STDERR_REDIRECT] Apr 10, 2025 3:37:41 PM java.util.prefs.FileSystemPreferences checkLockFile0ErrorCode
2025-04-10 15:37:41,655 [ERROR] LogOutputStream:75 - [STDERR_REDIRECT] WARNING: Could not lock System prefs. Unix error code 2.
2025-04-10 15:37:41,655 [ERROR] LogOutputStream:75 - [STDERR_REDIRECT] 
2025-04-10 15:37:41,656 [ERROR] LogOutputStream:75 - [STDERR_REDIRECT] Apr 10, 2025 3:37:41 PM java.util.prefs.FileSystemPreferences syncWorld
2025-04-10 15:37:41,656 [ERROR] LogOutputStream:75 - [STDERR_REDIRECT] WARNING: Couldn't flush system prefs: java.util.prefs.BackingStoreException: Couldn't get file lock.
2025-04-10 15:37:41,656 [ERROR] LogOutputStream:75 - [STDERR_REDIRECT] 
2025-04-10 15:38:11,656 [ERROR] LogOutputStream:75 - [STDERR_REDIRECT] Apr 10, 2025 3:38:11 PM java.util.prefs.FileSystemPreferences checkLockFile0ErrorCode
2025-04-10 15:38:11,657 [ERROR] LogOutputStream:75 - [STDERR_REDIRECT] WARNING: Could not lock System prefs. Unix error code 2.
2025-04-10 15:38:11,657 [ERROR] LogOutputStream:75 - [STDERR_REDIRECT] 
2025-04-10 15:38:11,658 [ERROR] LogOutputStream:75 - [STDERR_REDIRECT] Apr 10, 2025 3:38:11 PM java.util.prefs.FileSystemPreferences syncWorld
2025-04-10 15:38:11,658 [ERROR] LogOutputStream:75 - [STDERR_REDIRECT] WARNING: Couldn't flush system prefs: java.util.prefs.BackingStoreException: Couldn't get file lock.
2025-04-10 15:38:11,659 [ERROR] LogOutputStream:75 - [STDERR_REDIRECT] 
2025-04-10 15:38:41,655 [ERROR] LogOutputStream:75 - [STDERR_REDIRECT] Apr 10, 2025 3:38:41 PM java.util.prefs.FileSystemPreferences checkLockFile0ErrorCode
2025-04-10 15:38:41,655 [ERROR] LogOutputStream:75 - [STDERR_REDIRECT] WARNING: Could not lock System prefs. Unix error code 2.
2025-04-10 15:38:41,655 [ERROR] LogOutputStream:75 - [STDERR_REDIRECT] 
2025-04-10 15:38:41,656 [ERROR] LogOutputStream:75 - [STDERR_REDIRECT] Apr 10, 2025 3:38:41 PM java.util.prefs.FileSystemPreferences syncWorld
2025-04-10 15:38:41,657 [ERROR] LogOutputStream:75 - [STDERR_REDIRECT] WARNING: Couldn't flush system prefs: java.util.prefs.BackingStoreException: Couldn't get file lock.
2025-04-10 15:38:41,657 [ERROR] LogOutputStream:75 - [STDERR_REDIRECT] 
2025-04-10 15:39:11,656 [ERROR] LogOutputStream:75 - [STDERR_REDIRECT] Apr 10, 2025 3:39:11 PM java.util.prefs.FileSystemPreferences checkLockFile0ErrorCode
2025-04-10 15:39:11,656 [ERROR] LogOutputStream:75 - [STDERR_REDIRECT] WARNING: Could not lock System prefs. Unix error code 2.
2025-04-10 15:39:11,657 [ERROR] LogOutputStream:75 - [STDERR_REDIRECT] 
2025-04-10 15:39:11,658 [ERROR] LogOutputStream:75 - [STDERR_REDIRECT] Apr 10, 2025 3:39:11 PM java.util.prefs.FileSystemPreferences syncWorld
2025-04-10 15:39:11,658 [ERROR] LogOutputStream:75 - [STDERR_REDIRECT] WARNING: Couldn't flush system prefs: java.util.prefs.BackingStoreException: Couldn't get file lock.
2025-04-10 15:39:11,659 [ERROR] LogOutputStream:75 - [STDERR_REDIRECT] 
2025-04-10 15:39:41,656 [ERROR] LogOutputStream:75 - [STDERR_REDIRECT] Apr 10, 2025 3:39:41 PM java.util.prefs.FileSystemPreferences checkLockFile0ErrorCode
2025-04-10 15:39:41,657 [ERROR] LogOutputStream:75 - [STDERR_REDIRECT] WARNING: Could not lock System prefs. Unix error code 2.
2025-04-10 15:39:41,657 [ERROR] LogOutputStream:75 - [STDERR_REDIRECT] 
2025-04-10 15:39:41,658 [ERROR] LogOutputStream:75 - [STDERR_REDIRECT] Apr 10, 2025 3:39:41 PM java.util.prefs.FileSystemPreferences syncWorld
2025-04-10 15:39:41,659 [ERROR] LogOutputStream:75 - [STDERR_REDIRECT] WARNING: Couldn't flush system prefs: java.util.prefs.BackingStoreException: Couldn't get file lock.
2025-04-10 15:39:41,659 [ERROR] LogOutputStream:75 - [STDERR_REDIRECT] 
2025-04-10 15:40:11,657 [ERROR] LogOutputStream:75 - [STDERR_REDIRECT] Apr 10, 2025 3:40:11 PM java.util.prefs.FileSystemPreferences checkLockFile0ErrorCode
2025-04-10 15:40:11,657 [ERROR] LogOutputStream:75 - [STDERR_REDIRECT] WARNING: Could not lock System prefs. Unix error code 2.
2025-04-10 15:40:11,658 [ERROR] LogOutputStream:75 - [STDERR_REDIRECT] 
2025-04-10 15:40:11,659 [ERROR] LogOutputStream:75 - [STDERR_REDIRECT] Apr 10, 2025 3:40:11 PM java.util.prefs.FileSystemPreferences syncWorld
2025-04-10 15:40:11,659 [ERROR] LogOutputStream:75 - [STDERR_REDIRECT] WARNING: Couldn't flush system prefs: java.util.prefs.BackingStoreException: Couldn't get file lock.
2025-04-10 15:40:11,659 [ERROR] LogOutputStream:75 - [STDERR_REDIRECT] 
2025-04-10 15:40:41,655 [ERROR] LogOutputStream:75 - [STDERR_REDIRECT] Apr 10, 2025 3:40:41 PM java.util.prefs.FileSystemPreferences checkLockFile0ErrorCode
2025-04-10 15:40:41,655 [ERROR] LogOutputStream:75 - [STDERR_REDIRECT] WARNING: Could not lock System prefs. Unix error code 2.
2025-04-10 15:40:41,656 [ERROR] LogOutputStream:75 - [STDERR_REDIRECT] 
2025-04-10 15:40:41,656 [ERROR] LogOutputStream:75 - [STDERR_REDIRECT] Apr 10, 2025 3:40:41 PM java.util.prefs.FileSystemPreferences syncWorld
2025-04-10 15:40:41,656 [ERROR] LogOutputStream:75 - [STDERR_REDIRECT] WARNING: Couldn't flush system prefs: java.util.prefs.BackingStoreException: Couldn't get file lock.
2025-04-10 15:40:41,656 [ERROR] LogOutputStream:75 - [STDERR_REDIRECT] 
2025-04-10 15:41:11,656 [ERROR] LogOutputStream:75 - [STDERR_REDIRECT] Apr 10, 2025 3:41:11 PM java.util.prefs.FileSystemPreferences checkLockFile0ErrorCode
2025-04-10 15:41:11,657 [ERROR] LogOutputStream:75 - [STDERR_REDIRECT] WARNING: Could not lock System prefs. Unix error code 2.
2025-04-10 15:41:11,657 [ERROR] LogOutputStream:75 - [STDERR_REDIRECT] 
2025-04-10 15:41:11,658 [ERROR] LogOutputStream:75 - [STDERR_REDIRECT] Apr 10, 2025 3:41:11 PM java.util.prefs.FileSystemPreferences syncWorld
2025-04-10 15:41:11,659 [ERROR] LogOutputStream:75 - [STDERR_REDIRECT] WARNING: Couldn't flush system prefs: java.util.prefs.BackingStoreException: Couldn't get file lock.
2025-04-10 15:41:11,659 [ERROR] LogOutputStream:75 - [STDERR_REDIRECT] 
2025-04-10 15:41:41,657 [ERROR] LogOutputStream:75 - [STDERR_REDIRECT] Apr 10, 2025 3:41:41 PM java.util.prefs.FileSystemPreferences checkLockFile0ErrorCode
2025-04-10 15:41:41,657 [ERROR] LogOutputStream:75 - [STDERR_REDIRECT] WARNING: Could not lock System prefs. Unix error code 2.
2025-04-10 15:41:41,658 [ERROR] LogOutputStream:75 - [STDERR_REDIRECT] 
2025-04-10 15:41:41,659 [ERROR] LogOutputStream:75 - [STDERR_REDIRECT] Apr 10, 2025 3:41:41 PM java.util.prefs.FileSystemPreferences syncWorld
2025-04-10 15:41:41,659 [ERROR] LogOutputStream:75 - [STDERR_REDIRECT] WARNING: Couldn't flush system prefs: java.util.prefs.BackingStoreException: Couldn't get file lock.
2025-04-10 15:41:41,660 [ERROR] LogOutputStream:75 - [STDERR_REDIRECT] 
2025-04-10 15:42:11,657 [ERROR] LogOutputStream:75 - [STDERR_REDIRECT] Apr 10, 2025 3:42:11 PM java.util.prefs.FileSystemPreferences checkLockFile0ErrorCode
2025-04-10 15:42:11,657 [ERROR] LogOutputStream:75 - [STDERR_REDIRECT] WARNING: Could not lock System prefs. Unix error code 2.
2025-04-10 15:42:11,658 [ERROR] LogOutputStream:75 - [STDERR_REDIRECT] 
2025-04-10 15:42:11,659 [ERROR] LogOutputStream:75 - [STDERR_REDIRECT] Apr 10, 2025 3:42:11 PM java.util.prefs.FileSystemPreferences syncWorld
2025-04-10 15:42:11,659 [ERROR] LogOutputStream:75 - [STDERR_REDIRECT] WARNING: Couldn't flush system prefs: java.util.prefs.BackingStoreException: Couldn't get file lock.
2025-04-10 15:42:11,660 [ERROR] LogOutputStream:75 - [STDERR_REDIRECT] 
2025-04-10 15:42:41,656 [ERROR] LogOutputStream:75 - [STDERR_REDIRECT] Apr 10, 2025 3:42:41 PM java.util.prefs.FileSystemPreferences checkLockFile0ErrorCode
2025-04-10 15:42:41,657 [ERROR] LogOutputStream:75 - [STDERR_REDIRECT] WARNING: Could not lock System prefs. Unix error code 2.
2025-04-10 15:42:41,657 [ERROR] LogOutputStream:75 - [STDERR_REDIRECT] 
2025-04-10 15:42:41,658 [ERROR] LogOutputStream:75 - [STDERR_REDIRECT] Apr 10, 2025 3:42:41 PM java.util.prefs.FileSystemPreferences syncWorld
2025-04-10 15:42:41,658 [ERROR] LogOutputStream:75 - [STDERR_REDIRECT] WARNING: Couldn't flush system prefs: java.util.prefs.BackingStoreException: Couldn't get file lock.
2025-04-10 15:42:41,659 [ERROR] LogOutputStream:75 - [STDERR_REDIRECT] 
2025-04-10 15:43:11,657 [ERROR] LogOutputStream:75 - [STDERR_REDIRECT] Apr 10, 2025 3:43:11 PM java.util.prefs.FileSystemPreferences checkLockFile0ErrorCode
2025-04-10 15:43:11,657 [ERROR] LogOutputStream:75 - [STDERR_REDIRECT] WARNING: Could not lock System prefs. Unix error code 2.
2025-04-10 15:43:11,657 [ERROR] LogOutputStream:75 - [STDERR_REDIRECT] 
2025-04-10 15:43:11,658 [ERROR] LogOutputStream:75 - [STDERR_REDIRECT] Apr 10, 2025 3:43:11 PM java.util.prefs.FileSystemPreferences syncWorld
2025-04-10 15:43:11,659 [ERROR] LogOutputStream:75 - [STDERR_REDIRECT] WARNING: Couldn't flush system prefs: java.util.prefs.BackingStoreException: Couldn't get file lock.
2025-04-10 15:43:11,659 [ERROR] LogOutputStream:75 - [STDERR_REDIRECT] 
2025-04-10 15:43:41,657 [ERROR] LogOutputStream:75 - [STDERR_REDIRECT] Apr 10, 2025 3:43:41 PM java.util.prefs.FileSystemPreferences checkLockFile0ErrorCode
2025-04-10 15:43:41,657 [ERROR] LogOutputStream:75 - [STDERR_REDIRECT] WARNING: Could not lock System prefs. Unix error code 2.
2025-04-10 15:43:41,658 [ERROR] LogOutputStream:75 - [STDERR_REDIRECT] 
2025-04-10 15:43:41,659 [ERROR] LogOutputStream:75 - [STDERR_REDIRECT] Apr 10, 2025 3:43:41 PM java.util.prefs.FileSystemPreferences syncWorld
2025-04-10 15:43:41,660 [ERROR] LogOutputStream:75 - [STDERR_REDIRECT] WARNING: Couldn't flush system prefs: java.util.prefs.BackingStoreException: Couldn't get file lock.
2025-04-10 15:43:41,660 [ERROR] LogOutputStream:75 - [STDERR_REDIRECT] 
2025-04-10 15:44:11,657 [ERROR] LogOutputStream:75 - [STDERR_REDIRECT] Apr 10, 2025 3:44:11 PM java.util.prefs.FileSystemPreferences checkLockFile0ErrorCode
2025-04-10 15:44:11,658 [ERROR] LogOutputStream:75 - [STDERR_REDIRECT] WARNING: Could not lock System prefs. Unix error code 2.
2025-04-10 15:44:11,658 [ERROR] LogOutputStream:75 - [STDERR_REDIRECT] 
2025-04-10 15:44:11,659 [ERROR] LogOutputStream:75 - [STDERR_REDIRECT] Apr 10, 2025 3:44:11 PM java.util.prefs.FileSystemPreferences syncWorld
2025-04-10 15:44:11,660 [ERROR] LogOutputStream:75 - [STDERR_REDIRECT] WARNING: Couldn't flush system prefs: java.util.prefs.BackingStoreException: Couldn't get file lock.
2025-04-10 15:44:11,660 [ERROR] LogOutputStream:75 - [STDERR_REDIRECT] 
2025-04-10 15:44:41,658 [ERROR] LogOutputStream:75 - [STDERR_REDIRECT] Apr 10, 2025 3:44:41 PM java.util.prefs.FileSystemPreferences checkLockFile0ErrorCode
2025-04-10 15:44:41,659 [ERROR] LogOutputStream:75 - [STDERR_REDIRECT] WARNING: Could not lock System prefs. Unix error code 2.
2025-04-10 15:44:41,660 [ERROR] LogOutputStream:75 - [STDERR_REDIRECT] 
2025-04-10 15:44:41,661 [ERROR] LogOutputStream:75 - [STDERR_REDIRECT] Apr 10, 2025 3:44:41 PM java.util.prefs.FileSystemPreferences syncWorld
2025-04-10 15:44:41,662 [ERROR] LogOutputStream:75 - [STDERR_REDIRECT] WARNING: Couldn't flush system prefs: java.util.prefs.BackingStoreException: Couldn't get file lock.
2025-04-10 15:44:41,663 [ERROR] LogOutputStream:75 - [STDERR_REDIRECT] 
2025-04-10 15:45:11,657 [ERROR] LogOutputStream:75 - [STDERR_REDIRECT] Apr 10, 2025 3:45:11 PM java.util.prefs.FileSystemPreferences checkLockFile0ErrorCode
2025-04-10 15:45:11,658 [ERROR] LogOutputStream:75 - [STDERR_REDIRECT] WARNING: Could not lock System prefs. Unix error code 2.
2025-04-10 15:45:11,658 [ERROR] LogOutputStream:75 - [STDERR_REDIRECT] 
2025-04-10 15:45:11,659 [ERROR] LogOutputStream:75 - [STDERR_REDIRECT] Apr 10, 2025 3:45:11 PM java.util.prefs.FileSystemPreferences syncWorld
2025-04-10 15:45:11,660 [ERROR] LogOutputStream:75 - [STDERR_REDIRECT] WARNING: Couldn't flush system prefs: java.util.prefs.BackingStoreException: Couldn't get file lock.
2025-04-10 15:45:11,660 [ERROR] LogOutputStream:75 - [STDERR_REDIRECT] 
2025-04-10 15:45:41,657 [ERROR] LogOutputStream:75 - [STDERR_REDIRECT] Apr 10, 2025 3:45:41 PM java.util.prefs.FileSystemPreferences checkLockFile0ErrorCode
2025-04-10 15:45:41,658 [ERROR] LogOutputStream:75 - [STDERR_REDIRECT] WARNING: Could not lock System prefs. Unix error code 2.
2025-04-10 15:45:41,658 [ERROR] LogOutputStream:75 - [STDERR_REDIRECT] 
2025-04-10 15:45:41,659 [ERROR] LogOutputStream:75 - [STDERR_REDIRECT] Apr 10, 2025 3:45:41 PM java.util.prefs.FileSystemPreferences syncWorld
2025-04-10 15:45:41,660 [ERROR] LogOutputStream:75 - [STDERR_REDIRECT] WARNING: Couldn't flush system prefs: java.util.prefs.BackingStoreException: Couldn't get file lock.
2025-04-10 15:45:41,660 [ERROR] LogOutputStream:75 - [STDERR_REDIRECT] 
2025-04-10 15:46:11,658 [ERROR] LogOutputStream:75 - [STDERR_REDIRECT] Apr 10, 2025 3:46:11 PM java.util.prefs.FileSystemPreferences checkLockFile0ErrorCode
2025-04-10 15:46:11,658 [ERROR] LogOutputStream:75 - [STDERR_REDIRECT] WARNING: Could not lock System prefs. Unix error code 2.
2025-04-10 15:46:11,658 [ERROR] LogOutputStream:75 - [STDERR_REDIRECT] 
2025-04-10 15:46:11,659 [ERROR] LogOutputStream:75 - [STDERR_REDIRECT] Apr 10, 2025 3:46:11 PM java.util.prefs.FileSystemPreferences syncWorld
2025-04-10 15:46:11,660 [ERROR] LogOutputStream:75 - [STDERR_REDIRECT] WARNING: Couldn't flush system prefs: java.util.prefs.BackingStoreException: Couldn't get file lock.
2025-04-10 15:46:11,660 [ERROR] LogOutputStream:75 - [STDERR_REDIRECT] 
2025-04-10 15:46:41,658 [ERROR] LogOutputStream:75 - [STDERR_REDIRECT] Apr 10, 2025 3:46:41 PM java.util.prefs.FileSystemPreferences checkLockFile0ErrorCode
2025-04-10 15:46:41,659 [ERROR] LogOutputStream:75 - [STDERR_REDIRECT] WARNING: Could not lock System prefs. Unix error code 2.
2025-04-10 15:46:41,659 [ERROR] LogOutputStream:75 - [STDERR_REDIRECT] 
2025-04-10 15:46:41,660 [ERROR] LogOutputStream:75 - [STDERR_REDIRECT] Apr 10, 2025 3:46:41 PM java.util.prefs.FileSystemPreferences syncWorld
2025-04-10 15:46:41,661 [ERROR] LogOutputStream:75 - [STDERR_REDIRECT] WARNING: Couldn't flush system prefs: java.util.prefs.BackingStoreException: Couldn't get file lock.
2025-04-10 15:46:41,661 [ERROR] LogOutputStream:75 - [STDERR_REDIRECT] 
2025-04-10 15:47:11,659 [ERROR] LogOutputStream:75 - [STDERR_REDIRECT] Apr 10, 2025 3:47:11 PM java.util.prefs.FileSystemPreferences checkLockFile0ErrorCode
2025-04-10 15:47:11,659 [ERROR] LogOutputStream:75 - [STDERR_REDIRECT] WARNING: Could not lock System prefs. Unix error code 2.
2025-04-10 15:47:11,660 [ERROR] LogOutputStream:75 - [STDERR_REDIRECT] 
2025-04-10 15:47:11,661 [ERROR] LogOutputStream:75 - [STDERR_REDIRECT] Apr 10, 2025 3:47:11 PM java.util.prefs.FileSystemPreferences syncWorld
2025-04-10 15:47:11,661 [ERROR] LogOutputStream:75 - [STDERR_REDIRECT] WARNING: Couldn't flush system prefs: java.util.prefs.BackingStoreException: Couldn't get file lock.
2025-04-10 15:47:11,661 [ERROR] LogOutputStream:75 - [STDERR_REDIRECT] 
2025-04-10 15:47:41,659 [ERROR] LogOutputStream:75 - [STDERR_REDIRECT] Apr 10, 2025 3:47:41 PM java.util.prefs.FileSystemPreferences checkLockFile0ErrorCode
2025-04-10 15:47:41,659 [ERROR] LogOutputStream:75 - [STDERR_REDIRECT] WARNING: Could not lock System prefs. Unix error code 2.
2025-04-10 15:47:41,660 [ERROR] LogOutputStream:75 - [STDERR_REDIRECT] 
2025-04-10 15:47:41,661 [ERROR] LogOutputStream:75 - [STDERR_REDIRECT] Apr 10, 2025 3:47:41 PM java.util.prefs.FileSystemPreferences syncWorld
2025-04-10 15:47:41,661 [ERROR] LogOutputStream:75 - [STDERR_REDIRECT] WARNING: Couldn't flush system prefs: java.util.prefs.BackingStoreException: Couldn't get file lock.
2025-04-10 15:47:41,661 [ERROR] LogOutputStream:75 - [STDERR_REDIRECT] 
2025-04-10 15:48:11,659 [ERROR] LogOutputStream:75 - [STDERR_REDIRECT] Apr 10, 2025 3:48:11 PM java.util.prefs.FileSystemPreferences checkLockFile0ErrorCode
2025-04-10 15:48:11,660 [ERROR] LogOutputStream:75 - [STDERR_REDIRECT] WARNING: Could not lock System prefs. Unix error code 2.
2025-04-10 15:48:11,661 [ERROR] LogOutputStream:75 - [STDERR_REDIRECT] 
2025-04-10 15:48:11,662 [ERROR] LogOutputStream:75 - [STDERR_REDIRECT] Apr 10, 2025 3:48:11 PM java.util.prefs.FileSystemPreferences syncWorld
2025-04-10 15:48:11,662 [ERROR] LogOutputStream:75 - [STDERR_REDIRECT] WARNING: Couldn't flush system prefs: java.util.prefs.BackingStoreException: Couldn't get file lock.
2025-04-10 15:48:11,663 [ERROR] LogOutputStream:75 - [STDERR_REDIRECT] 
2025-04-10 15:48:41,660 [ERROR] LogOutputStream:75 - [STDERR_REDIRECT] Apr 10, 2025 3:48:41 PM java.util.prefs.FileSystemPreferences checkLockFile0ErrorCode
2025-04-10 15:48:41,660 [ERROR] LogOutputStream:75 - [STDERR_REDIRECT] WARNING: Could not lock System prefs. Unix error code 2.
2025-04-10 15:48:41,660 [ERROR] LogOutputStream:75 - [STDERR_REDIRECT] 
2025-04-10 15:48:41,661 [ERROR] LogOutputStream:75 - [STDERR_REDIRECT] Apr 10, 2025 3:48:41 PM java.util.prefs.FileSystemPreferences syncWorld
2025-04-10 15:48:41,662 [ERROR] LogOutputStream:75 - [STDERR_REDIRECT] WARNING: Couldn't flush system prefs: java.util.prefs.BackingStoreException: Couldn't get file lock.
2025-04-10 15:48:41,662 [ERROR] LogOutputStream:75 - [STDERR_REDIRECT] 
2025-04-10 15:49:11,658 [ERROR] LogOutputStream:75 - [STDERR_REDIRECT] Apr 10, 2025 3:49:11 PM java.util.prefs.FileSystemPreferences checkLockFile0ErrorCode
2025-04-10 15:49:11,658 [ERROR] LogOutputStream:75 - [STDERR_REDIRECT] WARNING: Could not lock System prefs. Unix error code 2.
2025-04-10 15:49:11,658 [ERROR] LogOutputStream:75 - [STDERR_REDIRECT] 
2025-04-10 15:49:11,658 [ERROR] LogOutputStream:75 - [STDERR_REDIRECT] Apr 10, 2025 3:49:11 PM java.util.prefs.FileSystemPreferences syncWorld
2025-04-10 15:49:11,659 [ERROR] LogOutputStream:75 - [STDERR_REDIRECT] WARNING: Couldn't flush system prefs: java.util.prefs.BackingStoreException: Couldn't get file lock.
2025-04-10 15:49:11,659 [ERROR] LogOutputStream:75 - [STDERR_REDIRECT] 
2025-04-10 15:49:41,658 [ERROR] LogOutputStream:75 - [STDERR_REDIRECT] Apr 10, 2025 3:49:41 PM java.util.prefs.FileSystemPreferences checkLockFile0ErrorCode
2025-04-10 15:49:41,658 [ERROR] LogOutputStream:75 - [STDERR_REDIRECT] WARNING: Could not lock System prefs. Unix error code 2.
2025-04-10 15:49:41,658 [ERROR] LogOutputStream:75 - [STDERR_REDIRECT] 
2025-04-10 15:49:41,658 [ERROR] LogOutputStream:75 - [STDERR_REDIRECT] Apr 10, 2025 3:49:41 PM java.util.prefs.FileSystemPreferences syncWorld
2025-04-10 15:49:41,658 [ERROR] LogOutputStream:75 - [STDERR_REDIRECT] WARNING: Couldn't flush system prefs: java.util.prefs.BackingStoreException: Couldn't get file lock.
2025-04-10 15:49:41,658 [ERROR] LogOutputStream:75 - [STDERR_REDIRECT] 
2025-04-10 15:50:11,660 [ERROR] LogOutputStream:75 - [STDERR_REDIRECT] Apr 10, 2025 3:50:11 PM java.util.prefs.FileSystemPreferences checkLockFile0ErrorCode
2025-04-10 15:50:11,660 [ERROR] LogOutputStream:75 - [STDERR_REDIRECT] WARNING: Could not lock System prefs. Unix error code 2.
2025-04-10 15:50:11,661 [ERROR] LogOutputStream:75 - [STDERR_REDIRECT] 
2025-04-10 15:50:11,661 [ERROR] LogOutputStream:75 - [STDERR_REDIRECT] Apr 10, 2025 3:50:11 PM java.util.prefs.FileSystemPreferences syncWorld
2025-04-10 15:50:11,662 [ERROR] LogOutputStream:75 - [STDERR_REDIRECT] WARNING: Couldn't flush system prefs: java.util.prefs.BackingStoreException: Couldn't get file lock.
2025-04-10 15:50:11,662 [ERROR] LogOutputStream:75 - [STDERR_REDIRECT] 
2025-04-10 15:50:41,659 [ERROR] LogOutputStream:75 - [STDERR_REDIRECT] Apr 10, 2025 3:50:41 PM java.util.prefs.FileSystemPreferences checkLockFile0ErrorCode
2025-04-10 15:50:41,660 [ERROR] LogOutputStream:75 - [STDERR_REDIRECT] WARNING: Could not lock System prefs. Unix error code 2.
2025-04-10 15:50:41,660 [ERROR] LogOutputStream:75 - [STDERR_REDIRECT] 
2025-04-10 15:50:41,661 [ERROR] LogOutputStream:75 - [STDERR_REDIRECT] Apr 10, 2025 3:50:41 PM java.util.prefs.FileSystemPreferences syncWorld
2025-04-10 15:50:41,661 [ERROR] LogOutputStream:75 - [STDERR_REDIRECT] WARNING: Couldn't flush system prefs: java.util.prefs.BackingStoreException: Couldn't get file lock.
2025-04-10 15:50:41,662 [ERROR] LogOutputStream:75 - [STDERR_REDIRECT] 
2025-04-10 15:51:11,659 [ERROR] LogOutputStream:75 - [STDERR_REDIRECT] Apr 10, 2025 3:51:11 PM java.util.prefs.FileSystemPreferences checkLockFile0ErrorCode
2025-04-10 15:51:11,660 [ERROR] LogOutputStream:75 - [STDERR_REDIRECT] WARNING: Could not lock System prefs. Unix error code 2.
2025-04-10 15:51:11,660 [ERROR] LogOutputStream:75 - [STDERR_REDIRECT] 
2025-04-10 15:51:11,661 [ERROR] LogOutputStream:75 - [STDERR_REDIRECT] Apr 10, 2025 3:51:11 PM java.util.prefs.FileSystemPreferences syncWorld
2025-04-10 15:51:11,662 [ERROR] LogOutputStream:75 - [STDERR_REDIRECT] WARNING: Couldn't flush system prefs: java.util.prefs.BackingStoreException: Couldn't get file lock.
2025-04-10 15:51:11,662 [ERROR] LogOutputStream:75 - [STDERR_REDIRECT] 
2025-04-10 15:51:41,659 [ERROR] LogOutputStream:75 - [STDERR_REDIRECT] Apr 10, 2025 3:51:41 PM java.util.prefs.FileSystemPreferences checkLockFile0ErrorCode
2025-04-10 15:51:41,660 [ERROR] LogOutputStream:75 - [STDERR_REDIRECT] WARNING: Could not lock System prefs. Unix error code 2.
2025-04-10 15:51:41,660 [ERROR] LogOutputStream:75 - [STDERR_REDIRECT] 
2025-04-10 15:51:41,661 [ERROR] LogOutputStream:75 - [STDERR_REDIRECT] Apr 10, 2025 3:51:41 PM java.util.prefs.FileSystemPreferences syncWorld
2025-04-10 15:51:41,661 [ERROR] LogOutputStream:75 - [STDERR_REDIRECT] WARNING: Couldn't flush system prefs: java.util.prefs.BackingStoreException: Couldn't get file lock.
2025-04-10 15:51:41,662 [ERROR] LogOutputStream:75 - [STDERR_REDIRECT] 
2025-04-10 15:52:11,659 [ERROR] LogOutputStream:75 - [STDERR_REDIRECT] Apr 10, 2025 3:52:11 PM java.util.prefs.FileSystemPreferences checkLockFile0ErrorCode
2025-04-10 15:52:11,659 [ERROR] LogOutputStream:75 - [STDERR_REDIRECT] WARNING: Could not lock System prefs. Unix error code 2.
2025-04-10 15:52:11,660 [ERROR] LogOutputStream:75 - [STDERR_REDIRECT] 
2025-04-10 15:52:11,660 [ERROR] LogOutputStream:75 - [STDERR_REDIRECT] Apr 10, 2025 3:52:11 PM java.util.prefs.FileSystemPreferences syncWorld
2025-04-10 15:52:11,660 [ERROR] LogOutputStream:75 - [STDERR_REDIRECT] WARNING: Couldn't flush system prefs: java.util.prefs.BackingStoreException: Couldn't get file lock.
2025-04-10 15:52:11,660 [ERROR] LogOutputStream:75 - [STDERR_REDIRECT] 
2025-04-10 15:52:41,660 [ERROR] LogOutputStream:75 - [STDERR_REDIRECT] Apr 10, 2025 3:52:41 PM java.util.prefs.FileSystemPreferences checkLockFile0ErrorCode
2025-04-10 15:52:41,660 [ERROR] LogOutputStream:75 - [STDERR_REDIRECT] WARNING: Could not lock System prefs. Unix error code 2.
2025-04-10 15:52:41,661 [ERROR] LogOutputStream:75 - [STDERR_REDIRECT] 
2025-04-10 15:52:41,662 [ERROR] LogOutputStream:75 - [STDERR_REDIRECT] Apr 10, 2025 3:52:41 PM java.util.prefs.FileSystemPreferences syncWorld
2025-04-10 15:52:41,662 [ERROR] LogOutputStream:75 - [STDERR_REDIRECT] WARNING: Couldn't flush system prefs: java.util.prefs.BackingStoreException: Couldn't get file lock.
2025-04-10 15:52:41,663 [ERROR] LogOutputStream:75 - [STDERR_REDIRECT] 
2025-04-10 15:53:11,659 [ERROR] LogOutputStream:75 - [STDERR_REDIRECT] Apr 10, 2025 3:53:11 PM java.util.prefs.FileSystemPreferences checkLockFile0ErrorCode
2025-04-10 15:53:11,660 [ERROR] LogOutputStream:75 - [STDERR_REDIRECT] WARNING: Could not lock System prefs. Unix error code 2.
2025-04-10 15:53:11,660 [ERROR] LogOutputStream:75 - [STDERR_REDIRECT] 
2025-04-10 15:53:11,661 [ERROR] LogOutputStream:75 - [STDERR_REDIRECT] Apr 10, 2025 3:53:11 PM java.util.prefs.FileSystemPreferences syncWorld
2025-04-10 15:53:11,661 [ERROR] LogOutputStream:75 - [STDERR_REDIRECT] WARNING: Couldn't flush system prefs: java.util.prefs.BackingStoreException: Couldn't get file lock.
2025-04-10 15:53:11,662 [ERROR] LogOutputStream:75 - [STDERR_REDIRECT] 
2025-04-10 15:53:41,658 [ERROR] LogOutputStream:75 - [STDERR_REDIRECT] Apr 10, 2025 3:53:41 PM java.util.prefs.FileSystemPreferences checkLockFile0ErrorCode
2025-04-10 15:53:41,659 [ERROR] LogOutputStream:75 - [STDERR_REDIRECT] WARNING: Could not lock System prefs. Unix error code 2.
2025-04-10 15:53:41,659 [ERROR] LogOutputStream:75 - [STDERR_REDIRECT] 
2025-04-10 15:53:41,659 [ERROR] LogOutputStream:75 - [STDERR_REDIRECT] Apr 10, 2025 3:53:41 PM java.util.prefs.FileSystemPreferences syncWorld
2025-04-10 15:53:41,659 [ERROR] LogOutputStream:75 - [STDERR_REDIRECT] WARNING: Couldn't flush system prefs: java.util.prefs.BackingStoreException: Couldn't get file lock.
2025-04-10 15:53:41,659 [ERROR] LogOutputStream:75 - [STDERR_REDIRECT] 
2025-04-10 15:54:11,659 [ERROR] LogOutputStream:75 - [STDERR_REDIRECT] Apr 10, 2025 3:54:11 PM java.util.prefs.FileSystemPreferences checkLockFile0ErrorCode
2025-04-10 15:54:11,660 [ERROR] LogOutputStream:75 - [STDERR_REDIRECT] WARNING: Could not lock System prefs. Unix error code 2.
2025-04-10 15:54:11,660 [ERROR] LogOutputStream:75 - [STDERR_REDIRECT] 
2025-04-10 15:54:11,661 [ERROR] LogOutputStream:75 - [STDERR_REDIRECT] Apr 10, 2025 3:54:11 PM java.util.prefs.FileSystemPreferences syncWorld
2025-04-10 15:54:11,661 [ERROR] LogOutputStream:75 - [STDERR_REDIRECT] WARNING: Couldn't flush system prefs: java.util.prefs.BackingStoreException: Couldn't get file lock.
2025-04-10 15:54:11,662 [ERROR] LogOutputStream:75 - [STDERR_REDIRECT] 
2025-04-10 15:54:41,659 [ERROR] LogOutputStream:75 - [STDERR_REDIRECT] Apr 10, 2025 3:54:41 PM java.util.prefs.FileSystemPreferences checkLockFile0ErrorCode
2025-04-10 15:54:41,659 [ERROR] LogOutputStream:75 - [STDERR_REDIRECT] WARNING: Could not lock System prefs. Unix error code 2.
2025-04-10 15:54:41,660 [ERROR] LogOutputStream:75 - [STDERR_REDIRECT] 
2025-04-10 15:54:41,661 [ERROR] LogOutputStream:75 - [STDERR_REDIRECT] Apr 10, 2025 3:54:41 PM java.util.prefs.FileSystemPreferences syncWorld
2025-04-10 15:54:41,661 [ERROR] LogOutputStream:75 - [STDERR_REDIRECT] WARNING: Couldn't flush system prefs: java.util.prefs.BackingStoreException: Couldn't get file lock.
2025-04-10 15:54:41,661 [ERROR] LogOutputStream:75 - [STDERR_REDIRECT] 
2025-04-10 15:55:11,665 [ERROR] LogOutputStream:75 - [STDERR_REDIRECT] Apr 10, 2025 3:55:11 PM java.util.prefs.FileSystemPreferences checkLockFile0ErrorCode
2025-04-10 15:55:11,666 [ERROR] LogOutputStream:75 - [STDERR_REDIRECT] WARNING: Could not lock System prefs. Unix error code 2.
2025-04-10 15:55:11,666 [ERROR] LogOutputStream:75 - [STDERR_REDIRECT] 
2025-04-10 15:55:11,667 [ERROR] LogOutputStream:75 - [STDERR_REDIRECT] Apr 10, 2025 3:55:11 PM java.util.prefs.FileSystemPreferences syncWorld
2025-04-10 15:55:11,667 [ERROR] LogOutputStream:75 - [STDERR_REDIRECT] WARNING: Couldn't flush system prefs: java.util.prefs.BackingStoreException: Couldn't get file lock.
2025-04-10 15:55:11,668 [ERROR] LogOutputStream:75 - [STDERR_REDIRECT] 
2025-04-10 15:55:41,659 [ERROR] LogOutputStream:75 - [STDERR_REDIRECT] Apr 10, 2025 3:55:41 PM java.util.prefs.FileSystemPreferences checkLockFile0ErrorCode
2025-04-10 15:55:41,660 [ERROR] LogOutputStream:75 - [STDERR_REDIRECT] WARNING: Could not lock System prefs. Unix error code 2.
2025-04-10 15:55:41,660 [ERROR] LogOutputStream:75 - [STDERR_REDIRECT] 
2025-04-10 15:55:41,661 [ERROR] LogOutputStream:75 - [STDERR_REDIRECT] Apr 10, 2025 3:55:41 PM java.util.prefs.FileSystemPreferences syncWorld
2025-04-10 15:55:41,661 [ERROR] LogOutputStream:75 - [STDERR_REDIRECT] WARNING: Couldn't flush system prefs: java.util.prefs.BackingStoreException: Couldn't get file lock.
2025-04-10 15:55:41,662 [ERROR] LogOutputStream:75 - [STDERR_REDIRECT] 
2025-04-10 15:56:11,664 [ERROR] LogOutputStream:75 - [STDERR_REDIRECT] Apr 10, 2025 3:56:11 PM java.util.prefs.FileSystemPreferences checkLockFile0ErrorCode
2025-04-10 15:56:11,664 [ERROR] LogOutputStream:75 - [STDERR_REDIRECT] WARNING: Could not lock System prefs. Unix error code 2.
2025-04-10 15:56:11,664 [ERROR] LogOutputStream:75 - [STDERR_REDIRECT] 
2025-04-10 15:56:11,664 [ERROR] LogOutputStream:75 - [STDERR_REDIRECT] Apr 10, 2025 3:56:11 PM java.util.prefs.FileSystemPreferences syncWorld
2025-04-10 15:56:11,664 [ERROR] LogOutputStream:75 - [STDERR_REDIRECT] WARNING: Couldn't flush system prefs: java.util.prefs.BackingStoreException: Couldn't get file lock.
2025-04-10 15:56:11,665 [ERROR] LogOutputStream:75 - [STDERR_REDIRECT] 
2025-04-10 15:56:41,661 [ERROR] LogOutputStream:75 - [STDERR_REDIRECT] Apr 10, 2025 3:56:41 PM java.util.prefs.FileSystemPreferences checkLockFile0ErrorCode
2025-04-10 15:56:41,661 [ERROR] LogOutputStream:75 - [STDERR_REDIRECT] WARNING: Could not lock System prefs. Unix error code 2.
2025-04-10 15:56:41,662 [ERROR] LogOutputStream:75 - [STDERR_REDIRECT] 
2025-04-10 15:56:41,662 [ERROR] LogOutputStream:75 - [STDERR_REDIRECT] Apr 10, 2025 3:56:41 PM java.util.prefs.FileSystemPreferences syncWorld
2025-04-10 15:56:41,663 [ERROR] LogOutputStream:75 - [STDERR_REDIRECT] WARNING: Couldn't flush system prefs: java.util.prefs.BackingStoreException: Couldn't get file lock.
2025-04-10 15:56:41,663 [ERROR] LogOutputStream:75 - [STDERR_REDIRECT] 
2025-04-10 15:57:11,660 [ERROR] LogOutputStream:75 - [STDERR_REDIRECT] Apr 10, 2025 3:57:11 PM java.util.prefs.FileSystemPreferences checkLockFile0ErrorCode
2025-04-10 15:57:11,660 [ERROR] LogOutputStream:75 - [STDERR_REDIRECT] WARNING: Could not lock System prefs. Unix error code 2.
2025-04-10 15:57:11,660 [ERROR] LogOutputStream:75 - [STDERR_REDIRECT] 
2025-04-10 15:57:11,661 [ERROR] LogOutputStream:75 - [STDERR_REDIRECT] Apr 10, 2025 3:57:11 PM java.util.prefs.FileSystemPreferences syncWorld
2025-04-10 15:57:11,662 [ERROR] LogOutputStream:75 - [STDERR_REDIRECT] WARNING: Couldn't flush system prefs: java.util.prefs.BackingStoreException: Couldn't get file lock.
2025-04-10 15:57:11,662 [ERROR] LogOutputStream:75 - [STDERR_REDIRECT] 
2025-04-10 15:57:41,659 [ERROR] LogOutputStream:75 - [STDERR_REDIRECT] Apr 10, 2025 3:57:41 PM java.util.prefs.FileSystemPreferences checkLockFile0ErrorCode
2025-04-10 15:57:41,660 [ERROR] LogOutputStream:75 - [STDERR_REDIRECT] WARNING: Could not lock System prefs. Unix error code 2.
2025-04-10 15:57:41,661 [ERROR] LogOutputStream:75 - [STDERR_REDIRECT] 
2025-04-10 15:57:41,661 [ERROR] LogOutputStream:75 - [STDERR_REDIRECT] Apr 10, 2025 3:57:41 PM java.util.prefs.FileSystemPreferences syncWorld
2025-04-10 15:57:41,662 [ERROR] LogOutputStream:75 - [STDERR_REDIRECT] WARNING: Couldn't flush system prefs: java.util.prefs.BackingStoreException: Couldn't get file lock.
2025-04-10 15:57:41,662 [ERROR] LogOutputStream:75 - [STDERR_REDIRECT] 
2025-04-10 15:58:11,660 [ERROR] LogOutputStream:75 - [STDERR_REDIRECT] Apr 10, 2025 3:58:11 PM java.util.prefs.FileSystemPreferences checkLockFile0ErrorCode
2025-04-10 15:58:11,661 [ERROR] LogOutputStream:75 - [STDERR_REDIRECT] WARNING: Could not lock System prefs. Unix error code 2.
2025-04-10 15:58:11,661 [ERROR] LogOutputStream:75 - [STDERR_REDIRECT] 
2025-04-10 15:58:11,662 [ERROR] LogOutputStream:75 - [STDERR_REDIRECT] Apr 10, 2025 3:58:11 PM java.util.prefs.FileSystemPreferences syncWorld
2025-04-10 15:58:11,662 [ERROR] LogOutputStream:75 - [STDERR_REDIRECT] WARNING: Couldn't flush system prefs: java.util.prefs.BackingStoreException: Couldn't get file lock.
2025-04-10 15:58:11,663 [ERROR] LogOutputStream:75 - [STDERR_REDIRECT] 
2025-04-10 15:58:41,659 [ERROR] LogOutputStream:75 - [STDERR_REDIRECT] Apr 10, 2025 3:58:41 PM java.util.prefs.FileSystemPreferences checkLockFile0ErrorCode
2025-04-10 15:58:41,659 [ERROR] LogOutputStream:75 - [STDERR_REDIRECT] WARNING: Could not lock System prefs. Unix error code 2.
2025-04-10 15:58:41,660 [ERROR] LogOutputStream:75 - [STDERR_REDIRECT] 
2025-04-10 15:58:41,660 [ERROR] LogOutputStream:75 - [STDERR_REDIRECT] Apr 10, 2025 3:58:41 PM java.util.prefs.FileSystemPreferences syncWorld
2025-04-10 15:58:41,661 [ERROR] LogOutputStream:75 - [STDERR_REDIRECT] WARNING: Couldn't flush system prefs: java.util.prefs.BackingStoreException: Couldn't get file lock.
2025-04-10 15:58:41,661 [ERROR] LogOutputStream:75 - [STDERR_REDIRECT] 
2025-04-10 15:59:11,658 [ERROR] LogOutputStream:75 - [STDERR_REDIRECT] Apr 10, 2025 3:59:11 PM java.util.prefs.FileSystemPreferences checkLockFile0ErrorCode
2025-04-10 15:59:11,659 [ERROR] LogOutputStream:75 - [STDERR_REDIRECT] WARNING: Could not lock System prefs. Unix error code 2.
2025-04-10 15:59:11,659 [ERROR] LogOutputStream:75 - [STDERR_REDIRECT] 
2025-04-10 15:59:11,659 [ERROR] LogOutputStream:75 - [STDERR_REDIRECT] Apr 10, 2025 3:59:11 PM java.util.prefs.FileSystemPreferences syncWorld
2025-04-10 15:59:11,659 [ERROR] LogOutputStream:75 - [STDERR_REDIRECT] WARNING: Couldn't flush system prefs: java.util.prefs.BackingStoreException: Couldn't get file lock.
2025-04-10 15:59:11,659 [ERROR] LogOutputStream:75 - [STDERR_REDIRECT] 
2025-04-10 15:59:41,659 [ERROR] LogOutputStream:75 - [STDERR_REDIRECT] Apr 10, 2025 3:59:41 PM java.util.prefs.FileSystemPreferences checkLockFile0ErrorCode
2025-04-10 15:59:41,660 [ERROR] LogOutputStream:75 - [STDERR_REDIRECT] WARNING: Could not lock System prefs. Unix error code 2.
2025-04-10 15:59:41,660 [ERROR] LogOutputStream:75 - [STDERR_REDIRECT] 
2025-04-10 15:59:41,661 [ERROR] LogOutputStream:75 - [STDERR_REDIRECT] Apr 10, 2025 3:59:41 PM java.util.prefs.FileSystemPreferences syncWorld
2025-04-10 15:59:41,661 [ERROR] LogOutputStream:75 - [STDERR_REDIRECT] WARNING: Couldn't flush system prefs: java.util.prefs.BackingStoreException: Couldn't get file lock.
2025-04-10 15:59:41,662 [ERROR] LogOutputStream:75 - [STDERR_REDIRECT] 
2025-04-10 16:00:11,658 [ERROR] LogOutputStream:75 - [STDERR_REDIRECT] Apr 10, 2025 4:00:11 PM java.util.prefs.FileSystemPreferences checkLockFile0ErrorCode
2025-04-10 16:00:11,659 [ERROR] LogOutputStream:75 - [STDERR_REDIRECT] WARNING: Could not lock System prefs. Unix error code 2.
2025-04-10 16:00:11,659 [ERROR] LogOutputStream:75 - [STDERR_REDIRECT] 
2025-04-10 16:00:11,660 [ERROR] LogOutputStream:75 - [STDERR_REDIRECT] Apr 10, 2025 4:00:11 PM java.util.prefs.FileSystemPreferences syncWorld
2025-04-10 16:00:11,661 [ERROR] LogOutputStream:75 - [STDERR_REDIRECT] WARNING: Couldn't flush system prefs: java.util.prefs.BackingStoreException: Couldn't get file lock.
2025-04-10 16:00:11,661 [ERROR] LogOutputStream:75 - [STDERR_REDIRECT] 
2025-04-10 16:00:41,659 [ERROR] LogOutputStream:75 - [STDERR_REDIRECT] Apr 10, 2025 4:00:41 PM java.util.prefs.FileSystemPreferences checkLockFile0ErrorCode
2025-04-10 16:00:41,660 [ERROR] LogOutputStream:75 - [STDERR_REDIRECT] WARNING: Could not lock System prefs. Unix error code 2.
2025-04-10 16:00:41,660 [ERROR] LogOutputStream:75 - [STDERR_REDIRECT] 
2025-04-10 16:00:41,661 [ERROR] LogOutputStream:75 - [STDERR_REDIRECT] Apr 10, 2025 4:00:41 PM java.util.prefs.FileSystemPreferences syncWorld
2025-04-10 16:00:41,661 [ERROR] LogOutputStream:75 - [STDERR_REDIRECT] WARNING: Couldn't flush system prefs: java.util.prefs.BackingStoreException: Couldn't get file lock.
2025-04-10 16:00:41,662 [ERROR] LogOutputStream:75 - [STDERR_REDIRECT] 
2025-04-10 16:01:11,658 [ERROR] LogOutputStream:75 - [STDERR_REDIRECT] Apr 10, 2025 4:01:11 PM java.util.prefs.FileSystemPreferences checkLockFile0ErrorCode
2025-04-10 16:01:11,658 [ERROR] LogOutputStream:75 - [STDERR_REDIRECT] WARNING: Could not lock System prefs. Unix error code 2.
2025-04-10 16:01:11,658 [ERROR] LogOutputStream:75 - [STDERR_REDIRECT] 
2025-04-10 16:01:11,659 [ERROR] LogOutputStream:75 - [STDERR_REDIRECT] Apr 10, 2025 4:01:11 PM java.util.prefs.FileSystemPreferences syncWorld
2025-04-10 16:01:11,659 [ERROR] LogOutputStream:75 - [STDERR_REDIRECT] WARNING: Couldn't flush system prefs: java.util.prefs.BackingStoreException: Couldn't get file lock.
2025-04-10 16:01:11,659 [ERROR] LogOutputStream:75 - [STDERR_REDIRECT] 
2025-04-10 16:01:41,658 [ERROR] LogOutputStream:75 - [STDERR_REDIRECT] Apr 10, 2025 4:01:41 PM java.util.prefs.FileSystemPreferences checkLockFile0ErrorCode
2025-04-10 16:01:41,659 [ERROR] LogOutputStream:75 - [STDERR_REDIRECT] WARNING: Could not lock System prefs. Unix error code 2.
2025-04-10 16:01:41,659 [ERROR] LogOutputStream:75 - [STDERR_REDIRECT] 
2025-04-10 16:01:41,659 [ERROR] LogOutputStream:75 - [STDERR_REDIRECT] Apr 10, 2025 4:01:41 PM java.util.prefs.FileSystemPreferences syncWorld
2025-04-10 16:01:41,660 [ERROR] LogOutputStream:75 - [STDERR_REDIRECT] WARNING: Couldn't flush system prefs: java.util.prefs.BackingStoreException: Couldn't get file lock.
2025-04-10 16:01:41,660 [ERROR] LogOutputStream:75 - [STDERR_REDIRECT] 
2025-04-10 16:02:11,659 [ERROR] LogOutputStream:75 - [STDERR_REDIRECT] Apr 10, 2025 4:02:11 PM java.util.prefs.FileSystemPreferences checkLockFile0ErrorCode
2025-04-10 16:02:11,660 [ERROR] LogOutputStream:75 - [STDERR_REDIRECT] WARNING: Could not lock System prefs. Unix error code 2.
2025-04-10 16:02:11,660 [ERROR] LogOutputStream:75 - [STDERR_REDIRECT] 
2025-04-10 16:02:11,661 [ERROR] LogOutputStream:75 - [STDERR_REDIRECT] Apr 10, 2025 4:02:11 PM java.util.prefs.FileSystemPreferences syncWorld
2025-04-10 16:02:11,661 [ERROR] LogOutputStream:75 - [STDERR_REDIRECT] WARNING: Couldn't flush system prefs: java.util.prefs.BackingStoreException: Couldn't get file lock.
2025-04-10 16:02:11,661 [ERROR] LogOutputStream:75 - [STDERR_REDIRECT] 
2025-04-10 16:02:41,658 [ERROR] LogOutputStream:75 - [STDERR_REDIRECT] Apr 10, 2025 4:02:41 PM java.util.prefs.FileSystemPreferences checkLockFile0ErrorCode
2025-04-10 16:02:41,658 [ERROR] LogOutputStream:75 - [STDERR_REDIRECT] WARNING: Could not lock System prefs. Unix error code 2.
2025-04-10 16:02:41,658 [ERROR] LogOutputStream:75 - [STDERR_REDIRECT] 
2025-04-10 16:02:41,658 [ERROR] LogOutputStream:75 - [STDERR_REDIRECT] Apr 10, 2025 4:02:41 PM java.util.prefs.FileSystemPreferences syncWorld
2025-04-10 16:02:41,658 [ERROR] LogOutputStream:75 - [STDERR_REDIRECT] WARNING: Couldn't flush system prefs: java.util.prefs.BackingStoreException: Couldn't get file lock.
2025-04-10 16:02:41,659 [ERROR] LogOutputStream:75 - [STDERR_REDIRECT] 
2025-04-10 16:03:11,659 [ERROR] LogOutputStream:75 - [STDERR_REDIRECT] Apr 10, 2025 4:03:11 PM java.util.prefs.FileSystemPreferences checkLockFile0ErrorCode
2025-04-10 16:03:11,659 [ERROR] LogOutputStream:75 - [STDERR_REDIRECT] WARNING: Could not lock System prefs. Unix error code 2.
2025-04-10 16:03:11,659 [ERROR] LogOutputStream:75 - [STDERR_REDIRECT] 
2025-04-10 16:03:11,660 [ERROR] LogOutputStream:75 - [STDERR_REDIRECT] Apr 10, 2025 4:03:11 PM java.util.prefs.FileSystemPreferences syncWorld
2025-04-10 16:03:11,661 [ERROR] LogOutputStream:75 - [STDERR_REDIRECT] WARNING: Couldn't flush system prefs: java.util.prefs.BackingStoreException: Couldn't get file lock.
2025-04-10 16:03:11,661 [ERROR] LogOutputStream:75 - [STDERR_REDIRECT] 
2025-04-10 16:03:41,659 [ERROR] LogOutputStream:75 - [STDERR_REDIRECT] Apr 10, 2025 4:03:41 PM java.util.prefs.FileSystemPreferences checkLockFile0ErrorCode
2025-04-10 16:03:41,659 [ERROR] LogOutputStream:75 - [STDERR_REDIRECT] WARNING: Could not lock System prefs. Unix error code 2.
2025-04-10 16:03:41,660 [ERROR] LogOutputStream:75 - [STDERR_REDIRECT] 
2025-04-10 16:03:41,661 [ERROR] LogOutputStream:75 - [STDERR_REDIRECT] Apr 10, 2025 4:03:41 PM java.util.prefs.FileSystemPreferences syncWorld
2025-04-10 16:03:41,661 [ERROR] LogOutputStream:75 - [STDERR_REDIRECT] WARNING: Couldn't flush system prefs: java.util.prefs.BackingStoreException: Couldn't get file lock.
2025-04-10 16:03:41,661 [ERROR] LogOutputStream:75 - [STDERR_REDIRECT] 
2025-04-10 16:04:11,659 [ERROR] LogOutputStream:75 - [STDERR_REDIRECT] Apr 10, 2025 4:04:11 PM java.util.prefs.FileSystemPreferences checkLockFile0ErrorCode
2025-04-10 16:04:11,660 [ERROR] LogOutputStream:75 - [STDERR_REDIRECT] WARNING: Could not lock System prefs. Unix error code 2.
2025-04-10 16:04:11,660 [ERROR] LogOutputStream:75 - [STDERR_REDIRECT] 
2025-04-10 16:04:11,661 [ERROR] LogOutputStream:75 - [STDERR_REDIRECT] Apr 10, 2025 4:04:11 PM java.util.prefs.FileSystemPreferences syncWorld
2025-04-10 16:04:11,661 [ERROR] LogOutputStream:75 - [STDERR_REDIRECT] WARNING: Couldn't flush system prefs: java.util.prefs.BackingStoreException: Couldn't get file lock.
2025-04-10 16:04:11,662 [ERROR] LogOutputStream:75 - [STDERR_REDIRECT] 
2025-04-10 16:04:41,658 [ERROR] LogOutputStream:75 - [STDERR_REDIRECT] Apr 10, 2025 4:04:41 PM java.util.prefs.FileSystemPreferences checkLockFile0ErrorCode
2025-04-10 16:04:41,659 [ERROR] LogOutputStream:75 - [STDERR_REDIRECT] WARNING: Could not lock System prefs. Unix error code 2.
2025-04-10 16:04:41,659 [ERROR] LogOutputStream:75 - [STDERR_REDIRECT] 
2025-04-10 16:04:41,659 [ERROR] LogOutputStream:75 - [STDERR_REDIRECT] Apr 10, 2025 4:04:41 PM java.util.prefs.FileSystemPreferences syncWorld
2025-04-10 16:04:41,659 [ERROR] LogOutputStream:75 - [STDERR_REDIRECT] WARNING: Couldn't flush system prefs: java.util.prefs.BackingStoreException: Couldn't get file lock.
2025-04-10 16:04:41,659 [ERROR] LogOutputStream:75 - [STDERR_REDIRECT] 
2025-04-10 16:05:11,659 [ERROR] LogOutputStream:75 - [STDERR_REDIRECT] Apr 10, 2025 4:05:11 PM java.util.prefs.FileSystemPreferences checkLockFile0ErrorCode
2025-04-10 16:05:11,660 [ERROR] LogOutputStream:75 - [STDERR_REDIRECT] WARNING: Could not lock System prefs. Unix error code 2.
2025-04-10 16:05:11,660 [ERROR] LogOutputStream:75 - [STDERR_REDIRECT] 
2025-04-10 16:05:11,661 [ERROR] LogOutputStream:75 - [STDERR_REDIRECT] Apr 10, 2025 4:05:11 PM java.util.prefs.FileSystemPreferences syncWorld
2025-04-10 16:05:11,661 [ERROR] LogOutputStream:75 - [STDERR_REDIRECT] WARNING: Couldn't flush system prefs: java.util.prefs.BackingStoreException: Couldn't get file lock.
2025-04-10 16:05:11,661 [ERROR] LogOutputStream:75 - [STDERR_REDIRECT] 
2025-04-10 16:05:41,659 [ERROR] LogOutputStream:75 - [STDERR_REDIRECT] Apr 10, 2025 4:05:41 PM java.util.prefs.FileSystemPreferences checkLockFile0ErrorCode
2025-04-10 16:05:41,659 [ERROR] LogOutputStream:75 - [STDERR_REDIRECT] WARNING: Could not lock System prefs. Unix error code 2.
2025-04-10 16:05:41,659 [ERROR] LogOutputStream:75 - [STDERR_REDIRECT] 
2025-04-10 16:05:41,660 [ERROR] LogOutputStream:75 - [STDERR_REDIRECT] Apr 10, 2025 4:05:41 PM java.util.prefs.FileSystemPreferences syncWorld
2025-04-10 16:05:41,661 [ERROR] LogOutputStream:75 - [STDERR_REDIRECT] WARNING: Couldn't flush system prefs: java.util.prefs.BackingStoreException: Couldn't get file lock.
2025-04-10 16:05:41,661 [ERROR] LogOutputStream:75 - [STDERR_REDIRECT] 
2025-04-10 16:06:11,659 [ERROR] LogOutputStream:75 - [STDERR_REDIRECT] Apr 10, 2025 4:06:11 PM java.util.prefs.FileSystemPreferences checkLockFile0ErrorCode
2025-04-10 16:06:11,660 [ERROR] LogOutputStream:75 - [STDERR_REDIRECT] WARNING: Could not lock System prefs. Unix error code 2.
2025-04-10 16:06:11,660 [ERROR] LogOutputStream:75 - [STDERR_REDIRECT] 
2025-04-10 16:06:11,661 [ERROR] LogOutputStream:75 - [STDERR_REDIRECT] Apr 10, 2025 4:06:11 PM java.util.prefs.FileSystemPreferences syncWorld
2025-04-10 16:06:11,662 [ERROR] LogOutputStream:75 - [STDERR_REDIRECT] WARNING: Couldn't flush system prefs: java.util.prefs.BackingStoreException: Couldn't get file lock.
2025-04-10 16:06:11,662 [ERROR] LogOutputStream:75 - [STDERR_REDIRECT] 
2025-04-10 16:06:41,659 [ERROR] LogOutputStream:75 - [STDERR_REDIRECT] Apr 10, 2025 4:06:41 PM java.util.prefs.FileSystemPreferences checkLockFile0ErrorCode
2025-04-10 16:06:41,660 [ERROR] LogOutputStream:75 - [STDERR_REDIRECT] WARNING: Could not lock System prefs. Unix error code 2.
2025-04-10 16:06:41,660 [ERROR] LogOutputStream:75 - [STDERR_REDIRECT] 
2025-04-10 16:06:41,661 [ERROR] LogOutputStream:75 - [STDERR_REDIRECT] Apr 10, 2025 4:06:41 PM java.util.prefs.FileSystemPreferences syncWorld
2025-04-10 16:06:41,662 [ERROR] LogOutputStream:75 - [STDERR_REDIRECT] WARNING: Couldn't flush system prefs: java.util.prefs.BackingStoreException: Couldn't get file lock.
2025-04-10 16:06:41,662 [ERROR] LogOutputStream:75 - [STDERR_REDIRECT] 
2025-04-10 16:07:11,659 [ERROR] LogOutputStream:75 - [STDERR_REDIRECT] Apr 10, 2025 4:07:11 PM java.util.prefs.FileSystemPreferences checkLockFile0ErrorCode
2025-04-10 16:07:11,660 [ERROR] LogOutputStream:75 - [STDERR_REDIRECT] WARNING: Could not lock System prefs. Unix error code 2.
2025-04-10 16:07:11,660 [ERROR] LogOutputStream:75 - [STDERR_REDIRECT] 
2025-04-10 16:07:11,661 [ERROR] LogOutputStream:75 - [STDERR_REDIRECT] Apr 10, 2025 4:07:11 PM java.util.prefs.FileSystemPreferences syncWorld
2025-04-10 16:07:11,661 [ERROR] LogOutputStream:75 - [STDERR_REDIRECT] WARNING: Couldn't flush system prefs: java.util.prefs.BackingStoreException: Couldn't get file lock.
2025-04-10 16:07:11,661 [ERROR] LogOutputStream:75 - [STDERR_REDIRECT] 
2025-04-10 16:07:41,658 [ERROR] LogOutputStream:75 - [STDERR_REDIRECT] Apr 10, 2025 4:07:41 PM java.util.prefs.FileSystemPreferences checkLockFile0ErrorCode
2025-04-10 16:07:41,658 [ERROR] LogOutputStream:75 - [STDERR_REDIRECT] WARNING: Could not lock System prefs. Unix error code 2.
2025-04-10 16:07:41,658 [ERROR] LogOutputStream:75 - [STDERR_REDIRECT] 
2025-04-10 16:07:41,658 [ERROR] LogOutputStream:75 - [STDERR_REDIRECT] Apr 10, 2025 4:07:41 PM java.util.prefs.FileSystemPreferences syncWorld
2025-04-10 16:07:41,658 [ERROR] LogOutputStream:75 - [STDERR_REDIRECT] WARNING: Couldn't flush system prefs: java.util.prefs.BackingStoreException: Couldn't get file lock.
2025-04-10 16:07:41,658 [ERROR] LogOutputStream:75 - [STDERR_REDIRECT] 
2025-04-10 16:08:11,660 [ERROR] LogOutputStream:75 - [STDERR_REDIRECT] Apr 10, 2025 4:08:11 PM java.util.prefs.FileSystemPreferences checkLockFile0ErrorCode
2025-04-10 16:08:11,660 [ERROR] LogOutputStream:75 - [STDERR_REDIRECT] WARNING: Could not lock System prefs. Unix error code 2.
2025-04-10 16:08:11,660 [ERROR] LogOutputStream:75 - [STDERR_REDIRECT] 
2025-04-10 16:08:11,661 [ERROR] LogOutputStream:75 - [STDERR_REDIRECT] Apr 10, 2025 4:08:11 PM java.util.prefs.FileSystemPreferences syncWorld
2025-04-10 16:08:11,662 [ERROR] LogOutputStream:75 - [STDERR_REDIRECT] WARNING: Couldn't flush system prefs: java.util.prefs.BackingStoreException: Couldn't get file lock.
2025-04-10 16:08:11,662 [ERROR] LogOutputStream:75 - [STDERR_REDIRECT] 
2025-04-10 16:08:41,661 [ERROR] LogOutputStream:75 - [STDERR_REDIRECT] Apr 10, 2025 4:08:41 PM java.util.prefs.FileSystemPreferences checkLockFile0ErrorCode
2025-04-10 16:08:41,661 [ERROR] LogOutputStream:75 - [STDERR_REDIRECT] WARNING: Could not lock System prefs. Unix error code 2.
2025-04-10 16:08:41,662 [ERROR] LogOutputStream:75 - [STDERR_REDIRECT] 
2025-04-10 16:08:41,663 [ERROR] LogOutputStream:75 - [STDERR_REDIRECT] Apr 10, 2025 4:08:41 PM java.util.prefs.FileSystemPreferences syncWorld
2025-04-10 16:08:41,663 [ERROR] LogOutputStream:75 - [STDERR_REDIRECT] WARNING: Couldn't flush system prefs: java.util.prefs.BackingStoreException: Couldn't get file lock.
2025-04-10 16:08:41,663 [ERROR] LogOutputStream:75 - [STDERR_REDIRECT] 
2025-04-10 16:09:11,661 [ERROR] LogOutputStream:75 - [STDERR_REDIRECT] Apr 10, 2025 4:09:11 PM java.util.prefs.FileSystemPreferences checkLockFile0ErrorCode
2025-04-10 16:09:11,662 [ERROR] LogOutputStream:75 - [STDERR_REDIRECT] WARNING: Could not lock System prefs. Unix error code 2.
2025-04-10 16:09:11,663 [ERROR] LogOutputStream:75 - [STDERR_REDIRECT] 
2025-04-10 16:09:11,664 [ERROR] LogOutputStream:75 - [STDERR_REDIRECT] Apr 10, 2025 4:09:11 PM java.util.prefs.FileSystemPreferences syncWorld
2025-04-10 16:09:11,664 [ERROR] LogOutputStream:75 - [STDERR_REDIRECT] WARNING: Couldn't flush system prefs: java.util.prefs.BackingStoreException: Couldn't get file lock.
2025-04-10 16:09:11,665 [ERROR] LogOutputStream:75 - [STDERR_REDIRECT] 
2025-04-10 16:09:41,661 [ERROR] LogOutputStream:75 - [STDERR_REDIRECT] Apr 10, 2025 4:09:41 PM java.util.prefs.FileSystemPreferences checkLockFile0ErrorCode
2025-04-10 16:09:41,662 [ERROR] LogOutputStream:75 - [STDERR_REDIRECT] WARNING: Could not lock System prefs. Unix error code 2.
2025-04-10 16:09:41,662 [ERROR] LogOutputStream:75 - [STDERR_REDIRECT] 
2025-04-10 16:09:41,663 [ERROR] LogOutputStream:75 - [STDERR_REDIRECT] Apr 10, 2025 4:09:41 PM java.util.prefs.FileSystemPreferences syncWorld
2025-04-10 16:09:41,664 [ERROR] LogOutputStream:75 - [STDERR_REDIRECT] WARNING: Couldn't flush system prefs: java.util.prefs.BackingStoreException: Couldn't get file lock.
2025-04-10 16:09:41,664 [ERROR] LogOutputStream:75 - [STDERR_REDIRECT] 
2025-04-10 16:10:11,660 [ERROR] LogOutputStream:75 - [STDERR_REDIRECT] Apr 10, 2025 4:10:11 PM java.util.prefs.FileSystemPreferences checkLockFile0ErrorCode
2025-04-10 16:10:11,660 [ERROR] LogOutputStream:75 - [STDERR_REDIRECT] WARNING: Could not lock System prefs. Unix error code 2.
2025-04-10 16:10:11,661 [ERROR] LogOutputStream:75 - [STDERR_REDIRECT] 
2025-04-10 16:10:11,661 [ERROR] LogOutputStream:75 - [STDERR_REDIRECT] Apr 10, 2025 4:10:11 PM java.util.prefs.FileSystemPreferences syncWorld
2025-04-10 16:10:11,661 [ERROR] LogOutputStream:75 - [STDERR_REDIRECT] WARNING: Couldn't flush system prefs: java.util.prefs.BackingStoreException: Couldn't get file lock.
2025-04-10 16:10:11,661 [ERROR] LogOutputStream:75 - [STDERR_REDIRECT] 
2025-04-10 16:10:41,660 [ERROR] LogOutputStream:75 - [STDERR_REDIRECT] Apr 10, 2025 4:10:41 PM java.util.prefs.FileSystemPreferences checkLockFile0ErrorCode
2025-04-10 16:10:41,660 [ERROR] LogOutputStream:75 - [STDERR_REDIRECT] WARNING: Could not lock System prefs. Unix error code 2.
2025-04-10 16:10:41,660 [ERROR] LogOutputStream:75 - [STDERR_REDIRECT] 
2025-04-10 16:10:41,661 [ERROR] LogOutputStream:75 - [STDERR_REDIRECT] Apr 10, 2025 4:10:41 PM java.util.prefs.FileSystemPreferences syncWorld
2025-04-10 16:10:41,661 [ERROR] LogOutputStream:75 - [STDERR_REDIRECT] WARNING: Couldn't flush system prefs: java.util.prefs.BackingStoreException: Couldn't get file lock.
2025-04-10 16:10:41,661 [ERROR] LogOutputStream:75 - [STDERR_REDIRECT] 
2025-04-10 16:11:11,661 [ERROR] LogOutputStream:75 - [STDERR_REDIRECT] Apr 10, 2025 4:11:11 PM java.util.prefs.FileSystemPreferences checkLockFile0ErrorCode
2025-04-10 16:11:11,662 [ERROR] LogOutputStream:75 - [STDERR_REDIRECT] WARNING: Could not lock System prefs. Unix error code 2.
2025-04-10 16:11:11,662 [ERROR] LogOutputStream:75 - [STDERR_REDIRECT] 
2025-04-10 16:11:11,663 [ERROR] LogOutputStream:75 - [STDERR_REDIRECT] Apr 10, 2025 4:11:11 PM java.util.prefs.FileSystemPreferences syncWorld
2025-04-10 16:11:11,663 [ERROR] LogOutputStream:75 - [STDERR_REDIRECT] WARNING: Couldn't flush system prefs: java.util.prefs.BackingStoreException: Couldn't get file lock.
2025-04-10 16:11:11,664 [ERROR] LogOutputStream:75 - [STDERR_REDIRECT] 
2025-04-10 16:11:41,661 [ERROR] LogOutputStream:75 - [STDERR_REDIRECT] Apr 10, 2025 4:11:41 PM java.util.prefs.FileSystemPreferences checkLockFile0ErrorCode
2025-04-10 16:11:41,662 [ERROR] LogOutputStream:75 - [STDERR_REDIRECT] WARNING: Could not lock System prefs. Unix error code 2.
2025-04-10 16:11:41,662 [ERROR] LogOutputStream:75 - [STDERR_REDIRECT] 
2025-04-10 16:11:41,663 [ERROR] LogOutputStream:75 - [STDERR_REDIRECT] Apr 10, 2025 4:11:41 PM java.util.prefs.FileSystemPreferences syncWorld
2025-04-10 16:11:41,664 [ERROR] LogOutputStream:75 - [STDERR_REDIRECT] WARNING: Couldn't flush system prefs: java.util.prefs.BackingStoreException: Couldn't get file lock.
2025-04-10 16:11:41,664 [ERROR] LogOutputStream:75 - [STDERR_REDIRECT] 
2025-04-10 16:12:11,662 [ERROR] LogOutputStream:75 - [STDERR_REDIRECT] Apr 10, 2025 4:12:11 PM java.util.prefs.FileSystemPreferences checkLockFile0ErrorCode
2025-04-10 16:12:11,662 [ERROR] LogOutputStream:75 - [STDERR_REDIRECT] WARNING: Could not lock System prefs. Unix error code 2.
2025-04-10 16:12:11,663 [ERROR] LogOutputStream:75 - [STDERR_REDIRECT] 
2025-04-10 16:12:11,664 [ERROR] LogOutputStream:75 - [STDERR_REDIRECT] Apr 10, 2025 4:12:11 PM java.util.prefs.FileSystemPreferences syncWorld
2025-04-10 16:12:11,664 [ERROR] LogOutputStream:75 - [STDERR_REDIRECT] WARNING: Couldn't flush system prefs: java.util.prefs.BackingStoreException: Couldn't get file lock.
2025-04-10 16:12:11,664 [ERROR] LogOutputStream:75 - [STDERR_REDIRECT] 
2025-04-10 16:12:41,661 [ERROR] LogOutputStream:75 - [STDERR_REDIRECT] Apr 10, 2025 4:12:41 PM java.util.prefs.FileSystemPreferences checkLockFile0ErrorCode
2025-04-10 16:12:41,661 [ERROR] LogOutputStream:75 - [STDERR_REDIRECT] WARNING: Could not lock System prefs. Unix error code 2.
2025-04-10 16:12:41,662 [ERROR] LogOutputStream:75 - [STDERR_REDIRECT] 
2025-04-10 16:12:41,663 [ERROR] LogOutputStream:75 - [STDERR_REDIRECT] Apr 10, 2025 4:12:41 PM java.util.prefs.FileSystemPreferences syncWorld
2025-04-10 16:12:41,663 [ERROR] LogOutputStream:75 - [STDERR_REDIRECT] WARNING: Couldn't flush system prefs: java.util.prefs.BackingStoreException: Couldn't get file lock.
2025-04-10 16:12:41,664 [ERROR] LogOutputStream:75 - [STDERR_REDIRECT] 
2025-04-10 16:13:11,660 [ERROR] LogOutputStream:75 - [STDERR_REDIRECT] Apr 10, 2025 4:13:11 PM java.util.prefs.FileSystemPreferences checkLockFile0ErrorCode
2025-04-10 16:13:11,661 [ERROR] LogOutputStream:75 - [STDERR_REDIRECT] WARNING: Could not lock System prefs. Unix error code 2.
2025-04-10 16:13:11,661 [ERROR] LogOutputStream:75 - [STDERR_REDIRECT] 
2025-04-10 16:13:11,661 [ERROR] LogOutputStream:75 - [STDERR_REDIRECT] Apr 10, 2025 4:13:11 PM java.util.prefs.FileSystemPreferences syncWorld
2025-04-10 16:13:11,661 [ERROR] LogOutputStream:75 - [STDERR_REDIRECT] WARNING: Couldn't flush system prefs: java.util.prefs.BackingStoreException: Couldn't get file lock.
2025-04-10 16:13:11,661 [ERROR] LogOutputStream:75 - [STDERR_REDIRECT] 
2025-04-10 16:13:41,660 [ERROR] LogOutputStream:75 - [STDERR_REDIRECT] Apr 10, 2025 4:13:41 PM java.util.prefs.FileSystemPreferences checkLockFile0ErrorCode
2025-04-10 16:13:41,661 [ERROR] LogOutputStream:75 - [STDERR_REDIRECT] WARNING: Could not lock System prefs. Unix error code 2.
2025-04-10 16:13:41,661 [ERROR] LogOutputStream:75 - [STDERR_REDIRECT] 
2025-04-10 16:13:41,661 [ERROR] LogOutputStream:75 - [STDERR_REDIRECT] Apr 10, 2025 4:13:41 PM java.util.prefs.FileSystemPreferences syncWorld
2025-04-10 16:13:41,661 [ERROR] LogOutputStream:75 - [STDERR_REDIRECT] WARNING: Couldn't flush system prefs: java.util.prefs.BackingStoreException: Couldn't get file lock.
2025-04-10 16:13:41,661 [ERROR] LogOutputStream:75 - [STDERR_REDIRECT] 
2025-04-10 16:14:11,661 [ERROR] LogOutputStream:75 - [STDERR_REDIRECT] Apr 10, 2025 4:14:11 PM java.util.prefs.FileSystemPreferences checkLockFile0ErrorCode
2025-04-10 16:14:11,661 [ERROR] LogOutputStream:75 - [STDERR_REDIRECT] WARNING: Could not lock System prefs. Unix error code 2.
2025-04-10 16:14:11,662 [ERROR] LogOutputStream:75 - [STDERR_REDIRECT] 
2025-04-10 16:14:11,662 [ERROR] LogOutputStream:75 - [STDERR_REDIRECT] Apr 10, 2025 4:14:11 PM java.util.prefs.FileSystemPreferences syncWorld
2025-04-10 16:14:11,663 [ERROR] LogOutputStream:75 - [STDERR_REDIRECT] WARNING: Couldn't flush system prefs: java.util.prefs.BackingStoreException: Couldn't get file lock.
2025-04-10 16:14:11,663 [ERROR] LogOutputStream:75 - [STDERR_REDIRECT] 
2025-04-10 16:14:41,661 [ERROR] LogOutputStream:75 - [STDERR_REDIRECT] Apr 10, 2025 4:14:41 PM java.util.prefs.FileSystemPreferences checkLockFile0ErrorCode
2025-04-10 16:14:41,661 [ERROR] LogOutputStream:75 - [STDERR_REDIRECT] WARNING: Could not lock System prefs. Unix error code 2.
2025-04-10 16:14:41,661 [ERROR] LogOutputStream:75 - [STDERR_REDIRECT] 
2025-04-10 16:14:41,661 [ERROR] LogOutputStream:75 - [STDERR_REDIRECT] Apr 10, 2025 4:14:41 PM java.util.prefs.FileSystemPreferences syncWorld
2025-04-10 16:14:41,661 [ERROR] LogOutputStream:75 - [STDERR_REDIRECT] WARNING: Couldn't flush system prefs: java.util.prefs.BackingStoreException: Couldn't get file lock.
2025-04-10 16:14:41,661 [ERROR] LogOutputStream:75 - [STDERR_REDIRECT] 
2025-04-10 16:15:11,661 [ERROR] LogOutputStream:75 - [STDERR_REDIRECT] Apr 10, 2025 4:15:11 PM java.util.prefs.FileSystemPreferences checkLockFile0ErrorCode
2025-04-10 16:15:11,662 [ERROR] LogOutputStream:75 - [STDERR_REDIRECT] WARNING: Could not lock System prefs. Unix error code 2.
2025-04-10 16:15:11,662 [ERROR] LogOutputStream:75 - [STDERR_REDIRECT] 
2025-04-10 16:15:11,663 [ERROR] LogOutputStream:75 - [STDERR_REDIRECT] Apr 10, 2025 4:15:11 PM java.util.prefs.FileSystemPreferences syncWorld
2025-04-10 16:15:11,663 [ERROR] LogOutputStream:75 - [STDERR_REDIRECT] WARNING: Couldn't flush system prefs: java.util.prefs.BackingStoreException: Couldn't get file lock.
2025-04-10 16:15:11,663 [ERROR] LogOutputStream:75 - [STDERR_REDIRECT] 
2025-04-10 16:15:41,661 [ERROR] LogOutputStream:75 - [STDERR_REDIRECT] Apr 10, 2025 4:15:41 PM java.util.prefs.FileSystemPreferences checkLockFile0ErrorCode
2025-04-10 16:15:41,662 [ERROR] LogOutputStream:75 - [STDERR_REDIRECT] WARNING: Could not lock System prefs. Unix error code 2.
2025-04-10 16:15:41,662 [ERROR] LogOutputStream:75 - [STDERR_REDIRECT] 
2025-04-10 16:15:41,663 [ERROR] LogOutputStream:75 - [STDERR_REDIRECT] Apr 10, 2025 4:15:41 PM java.util.prefs.FileSystemPreferences syncWorld
2025-04-10 16:15:41,663 [ERROR] LogOutputStream:75 - [STDERR_REDIRECT] WARNING: Couldn't flush system prefs: java.util.prefs.BackingStoreException: Couldn't get file lock.
2025-04-10 16:15:41,664 [ERROR] LogOutputStream:75 - [STDERR_REDIRECT] 
2025-04-10 16:16:11,659 [ERROR] LogOutputStream:75 - [STDERR_REDIRECT] Apr 10, 2025 4:16:11 PM java.util.prefs.FileSystemPreferences checkLockFile0ErrorCode
2025-04-10 16:16:11,660 [ERROR] LogOutputStream:75 - [STDERR_REDIRECT] WARNING: Could not lock System prefs. Unix error code 2.
2025-04-10 16:16:11,660 [ERROR] LogOutputStream:75 - [STDERR_REDIRECT] 
2025-04-10 16:16:11,660 [ERROR] LogOutputStream:75 - [STDERR_REDIRECT] Apr 10, 2025 4:16:11 PM java.util.prefs.FileSystemPreferences syncWorld
2025-04-10 16:16:11,660 [ERROR] LogOutputStream:75 - [STDERR_REDIRECT] WARNING: Couldn't flush system prefs: java.util.prefs.BackingStoreException: Couldn't get file lock.
2025-04-10 16:16:11,660 [ERROR] LogOutputStream:75 - [STDERR_REDIRECT] 
2025-04-10 16:16:41,661 [ERROR] LogOutputStream:75 - [STDERR_REDIRECT] Apr 10, 2025 4:16:41 PM java.util.prefs.FileSystemPreferences checkLockFile0ErrorCode
2025-04-10 16:16:41,662 [ERROR] LogOutputStream:75 - [STDERR_REDIRECT] WARNING: Could not lock System prefs. Unix error code 2.
2025-04-10 16:16:41,662 [ERROR] LogOutputStream:75 - [STDERR_REDIRECT] 
2025-04-10 16:16:41,663 [ERROR] LogOutputStream:75 - [STDERR_REDIRECT] Apr 10, 2025 4:16:41 PM java.util.prefs.FileSystemPreferences syncWorld
2025-04-10 16:16:41,663 [ERROR] LogOutputStream:75 - [STDERR_REDIRECT] WARNING: Couldn't flush system prefs: java.util.prefs.BackingStoreException: Couldn't get file lock.
2025-04-10 16:16:41,663 [ERROR] LogOutputStream:75 - [STDERR_REDIRECT] 
2025-04-10 16:17:11,661 [ERROR] LogOutputStream:75 - [STDERR_REDIRECT] Apr 10, 2025 4:17:11 PM java.util.prefs.FileSystemPreferences checkLockFile0ErrorCode
2025-04-10 16:17:11,661 [ERROR] LogOutputStream:75 - [STDERR_REDIRECT] WARNING: Could not lock System prefs. Unix error code 2.
2025-04-10 16:17:11,661 [ERROR] LogOutputStream:75 - [STDERR_REDIRECT] 
2025-04-10 16:17:11,661 [ERROR] LogOutputStream:75 - [STDERR_REDIRECT] Apr 10, 2025 4:17:11 PM java.util.prefs.FileSystemPreferences syncWorld
2025-04-10 16:17:11,662 [ERROR] LogOutputStream:75 - [STDERR_REDIRECT] WARNING: Couldn't flush system prefs: java.util.prefs.BackingStoreException: Couldn't get file lock.
2025-04-10 16:17:11,662 [ERROR] LogOutputStream:75 - [STDERR_REDIRECT] 
2025-04-10 16:17:41,660 [ERROR] LogOutputStream:75 - [STDERR_REDIRECT] Apr 10, 2025 4:17:41 PM java.util.prefs.FileSystemPreferences checkLockFile0ErrorCode
2025-04-10 16:17:41,661 [ERROR] LogOutputStream:75 - [STDERR_REDIRECT] WARNING: Could not lock System prefs. Unix error code 2.
2025-04-10 16:17:41,661 [ERROR] LogOutputStream:75 - [STDERR_REDIRECT] 
2025-04-10 16:17:41,661 [ERROR] LogOutputStream:75 - [STDERR_REDIRECT] Apr 10, 2025 4:17:41 PM java.util.prefs.FileSystemPreferences syncWorld
2025-04-10 16:17:41,661 [ERROR] LogOutputStream:75 - [STDERR_REDIRECT] WARNING: Couldn't flush system prefs: java.util.prefs.BackingStoreException: Couldn't get file lock.
2025-04-10 16:17:41,661 [ERROR] LogOutputStream:75 - [STDERR_REDIRECT] 
2025-04-10 16:18:11,661 [ERROR] LogOutputStream:75 - [STDERR_REDIRECT] Apr 10, 2025 4:18:11 PM java.util.prefs.FileSystemPreferences checkLockFile0ErrorCode
2025-04-10 16:18:11,662 [ERROR] LogOutputStream:75 - [STDERR_REDIRECT] WARNING: Could not lock System prefs. Unix error code 2.
2025-04-10 16:18:11,662 [ERROR] LogOutputStream:75 - [STDERR_REDIRECT] 
2025-04-10 16:18:11,663 [ERROR] LogOutputStream:75 - [STDERR_REDIRECT] Apr 10, 2025 4:18:11 PM java.util.prefs.FileSystemPreferences syncWorld
2025-04-10 16:18:11,663 [ERROR] LogOutputStream:75 - [STDERR_REDIRECT] WARNING: Couldn't flush system prefs: java.util.prefs.BackingStoreException: Couldn't get file lock.
2025-04-10 16:18:11,664 [ERROR] LogOutputStream:75 - [STDERR_REDIRECT] 
2025-04-10 16:18:41,661 [ERROR] LogOutputStream:75 - [STDERR_REDIRECT] Apr 10, 2025 4:18:41 PM java.util.prefs.FileSystemPreferences checkLockFile0ErrorCode
2025-04-10 16:18:41,661 [ERROR] LogOutputStream:75 - [STDERR_REDIRECT] WARNING: Could not lock System prefs. Unix error code 2.
2025-04-10 16:18:41,661 [ERROR] LogOutputStream:75 - [STDERR_REDIRECT] 
2025-04-10 16:18:41,662 [ERROR] LogOutputStream:75 - [STDERR_REDIRECT] Apr 10, 2025 4:18:41 PM java.util.prefs.FileSystemPreferences syncWorld
2025-04-10 16:18:41,662 [ERROR] LogOutputStream:75 - [STDERR_REDIRECT] WARNING: Couldn't flush system prefs: java.util.prefs.BackingStoreException: Couldn't get file lock.
2025-04-10 16:18:41,663 [ERROR] LogOutputStream:75 - [STDERR_REDIRECT] 
